GROUP,PACKAGE,CLASS,INSTRUCTION_MISSED,INSTRUCTION_COVERED,BRANCH_MISSED,BRANCH_COVERED,LINE_MISSED,LINE_COVERED,COMPLEXITY_MISSED,COMPLEXITY_COVERED,METHOD_MISSED,METHOD_COVERED
final-project,ru.sberstart.finalproject.bankaccount.infrastructure.repository,BankAccountRepositoryImpl,330,98,4,0,77,5,12,1,10,1
final-project,ru.sberstart.finalproject.bank,BankMapper,5,0,0,0,1,0,1,0,1,0
final-project,ru.sberstart.finalproject.jooq.tables.records,UserrolesRecord,102,0,2,0,35,0,20,0,19,0
final-project,ru.sberstart.finalproject.jooq.tables.records,UsersRecord,277,0,2,0,90,0,50,0,49,0
final-project,ru.sberstart.finalproject.jooq.tables.records,DatabasechangeloglockRecord,172,0,2,0,57,0,32,0,31,0
final-project,ru.sberstart.finalproject.jooq.tables.records,BankaccountsRecord,277,0,2,0,90,0,50,0,49,0
final-project,ru.sberstart.finalproject.jooq.tables.records,DatabasechangelogRecord,518,0,2,0,166,0,91,0,90,0
final-project,ru.sberstart.finalproject.jooq.tables.records,CardsecretsRecord,207,0,2,0,68,0,38,0,37,0
final-project,ru.sberstart.finalproject.jooq.tables.records,BanksRecord,137,0,2,0,46,0,26,0,25,0
final-project,ru.sberstart.finalproject.jooq.tables.records,RolesRecord,102,0,2,0,35,0,20,0,19,0
final-project,ru.sberstart.finalproject.jooq.tables.records,CardsRecord,207,0,2,0,68,0,38,0,37,0
final-project,ru.sberstart.finalproject.bankaccount.infrastructure.configuration,BankAccountConfiguration,0,61,0,0,0,12,0,12,0,12
final-project,ru.sberstart.finalproject.card.infrastructure.repository,CardSecretRepositoryImpl,80,19,0,0,21,4,3,1,3,1
final-project,ru.sberstart.finalproject.card.infrastructure.repository,CardRepositoryImpl,234,52,0,0,60,10,7,1,7,1
final-project,ru.sberstart.finalproject.bankaccount.domain.entity.enums,BankAccountStates,27,0,0,0,5,0,1,0,1,0
final-project,ru.sberstart.finalproject.bank.infrastructure.configuration,BankConfiguration,0,18,0,0,0,4,0,4,0,4
final-project,ru.sberstart.finalproject.bankaccount.api.dto.request,BankAccountStateRequestDTO,15,0,0,0,1,0,3,0,3,0
final-project,ru.sberstart.finalproject.bankaccount.api.dto.request,BankAccountTransactionRequestDTO,21,0,0,0,1,0,4,0,4,0
final-project,ru.sberstart.finalproject.bankaccount.api.dto.request,BankAccountCreationRequestDTO,15,0,0,0,1,0,3,0,3,0
final-project,ru.sberstart.finalproject.bankaccount.application.manager,BankAccountManager,58,7,4,0,18,2,8,2,6,2
final-project,ru.sberstart.finalproject.jooq.tables.daos,BankaccountsDao,131,0,0,0,23,0,21,0,21,0
final-project,ru.sberstart.finalproject.jooq.tables.daos,BanksDao,79,0,0,0,15,0,13,0,13,0
final-project,ru.sberstart.finalproject.jooq.tables.daos,CardsDao,118,0,0,0,21,0,19,0,19,0
final-project,ru.sberstart.finalproject.jooq.tables.daos,UsersDao,144,0,0,0,25,0,23,0,23,0
final-project,ru.sberstart.finalproject.jooq.tables.daos,UserrolesDao,53,0,0,0,9,0,7,0,7,0
final-project,ru.sberstart.finalproject.jooq.tables.daos,RolesDao,66,0,0,0,13,0,11,0,11,0
final-project,ru.sberstart.finalproject.jooq.tables.daos,DatabasechangeloglockDao,79,0,0,0,15,0,13,0,13,0
final-project,ru.sberstart.finalproject.jooq.tables.daos,CardsecretsDao,92,0,0,0,17,0,15,0,15,0
final-project,ru.sberstart.finalproject.bank.domain.entity,Bank,29,0,0,0,12,0,6,0,6,0
final-project,ru.sberstart.finalproject.bank.domain.entity,Bank.Builder,28,0,0,0,8,0,5,0,5,0
final-project,ru.sberstart.finalproject.card.infrastructure.configuration,CardConfiguration,0,45,0,0,0,9,0,9,0,9
final-project,ru.sberstart.finalproject.user.api.dto.response,UserActiveResponseDTO,33,0,0,0,1,0,6,0,6,0
final-project,ru.sberstart.finalproject.user.api.dto.response,UserCreationResponseDTO,21,0,0,0,1,0,4,0,4,0
final-project,ru.sberstart.finalproject.user.api.dto.response,UserDeactivateResponseDTO,15,0,0,0,1,0,3,0,3,0
final-project,ru.sberstart.finalproject.user.api.dto.response,UserRolesResponseDTO,15,0,0,0,1,0,3,0,3,0
final-project,ru.sberstart.finalproject.card.api.dto.response,CardBlockedResponseDTO,15,0,0,0,1,0,3,0,3,0
final-project,ru.sberstart.finalproject.card.api.dto.response,CardStateResponseDTO,15,0,0,0,1,0,3,0,3,0
final-project,ru.sberstart.finalproject.card.api.dto.response,CardSecretResponseDTO,21,0,0,0,1,0,4,0,4,0
final-project,ru.sberstart.finalproject.card.api.dto.response,CardActiveResponseDTO,15,0,0,0,1,0,3,0,3,0
final-project,ru.sberstart.finalproject.card.api.dto.response,CardExpiredResponseDTO,15,0,0,0,1,0,3,0,3,0
final-project,ru.sberstart.finalproject.card.api.dto.response,CardsListResponseDTO,9,0,0,0,1,0,2,0,2,0
final-project,ru.sberstart.finalproject.user.api,UserController,32,6,0,0,8,3,4,1,4,1
final-project,ru.sberstart.finalproject,FinalProjectApplication,5,3,0,0,2,1,1,1,1,1
final-project,ru.sberstart.finalproject,MainConfiguration,0,25,0,0,0,7,0,4,0,4
final-project,ru.sberstart.finalproject.jooq.tables,Cardsecrets,136,80,2,0,18,12,16,4,15,4
final-project,ru.sberstart.finalproject.jooq.tables,Databasechangelog,218,164,2,0,17,21,15,4,14,4
final-project,ru.sberstart.finalproject.jooq.tables,Bankaccounts,218,104,6,0,27,14,23,4,20,4
final-project,ru.sberstart.finalproject.jooq.tables,Cards,195,77,6,0,27,12,23,4,20,4
final-project,ru.sberstart.finalproject.jooq.tables,Userroles,141,47,6,0,25,9,21,4,18,4
final-project,ru.sberstart.finalproject.jooq.tables,Users,170,102,2,0,19,14,17,4,16,4
final-project,ru.sberstart.finalproject.jooq.tables,Databasechangeloglock,121,65,2,0,18,11,16,4,15,4
final-project,ru.sberstart.finalproject.jooq.tables,Roles,112,48,2,0,19,9,17,4,16,4
final-project,ru.sberstart.finalproject.jooq.tables,Banks,123,59,2,0,19,10,17,4,16,4
final-project,ru.sberstart.finalproject.user.domain.entity,User.Builder,63,0,0,0,18,0,10,0,10,0
final-project,ru.sberstart.finalproject.user.domain.entity,User,162,0,14,0,38,0,26,0,19,0
final-project,ru.sberstart.finalproject.bankaccount.api,BankAccountController,66,6,0,0,12,3,6,1,6,1
final-project,ru.sberstart.finalproject.card.domain.states,CardOrderedState,23,0,0,0,8,0,6,0,6,0
final-project,ru.sberstart.finalproject.card.domain.states,CardBlockedState,23,0,0,0,8,0,6,0,6,0
final-project,ru.sberstart.finalproject.card.domain.states,CardApproveState,23,0,0,0,8,0,6,0,6,0
final-project,ru.sberstart.finalproject.card.domain.states,CardActiveState,23,0,0,0,8,0,6,0,6,0
final-project,ru.sberstart.finalproject.card.domain.states,CardExpiredState,23,0,0,0,7,0,6,0,6,0
final-project,ru.sberstart.finalproject.card.domain.states,CardStateFactory,33,0,6,0,7,0,7,0,2,0
final-project,ru.sberstart.finalproject.bankaccount.domain.states,BankAccountCreatedState,21,0,0,0,10,0,6,0,6,0
final-project,ru.sberstart.finalproject.bankaccount.domain.states,BankAccountStateFactory,29,0,5,0,6,0,6,0,2,0
final-project,ru.sberstart.finalproject.bankaccount.domain.states,BankAccountActiveState,21,0,0,0,8,0,6,0,6,0
final-project,ru.sberstart.finalproject.bankaccount.domain.states,BankAccountStoppedState,21,0,0,0,7,0,6,0,6,0
final-project,ru.sberstart.finalproject.bankaccount.domain.states,BankAccountClosedState,21,0,0,0,7,0,6,0,6,0
final-project,ru.sberstart.finalproject.card.application.service,CardService,119,12,8,0,24,5,15,1,9,1
final-project,ru.sberstart.finalproject.card.application.service,CardSecretService,55,12,2,0,11,5,3,1,2,1
final-project,ru.sberstart.finalproject.jooq.tables.pojos,Databasechangelog,746,0,118,0,187,0,93,0,34,0
final-project,ru.sberstart.finalproject.jooq.tables.pojos,Cardsecrets,296,0,46,0,79,0,39,0,16,0
final-project,ru.sberstart.finalproject.jooq.tables.pojos,Users,396,0,62,0,103,0,51,0,20,0
final-project,ru.sberstart.finalproject.jooq.tables.pojos,Databasechangeloglock,246,0,38,0,67,0,33,0,14,0
final-project,ru.sberstart.finalproject.jooq.tables.pojos,Bankaccounts,396,0,62,0,103,0,51,0,20,0
final-project,ru.sberstart.finalproject.jooq.tables.pojos,Cards,296,0,46,0,79,0,39,0,16,0
final-project,ru.sberstart.finalproject.jooq.tables.pojos,Userroles,146,0,22,0,43,0,21,0,10,0
final-project,ru.sberstart.finalproject.jooq.tables.pojos,Banks,196,0,30,0,55,0,27,0,12,0
final-project,ru.sberstart.finalproject.jooq.tables.pojos,Roles,146,0,22,0,43,0,21,0,10,0
final-project,ru.sberstart.finalproject.bank.api.dto,BankFullInformationDTO,21,0,0,0,1,0,4,0,4,0
final-project,ru.sberstart.finalproject.bank.api.dto,BankInformationDTO,15,0,0,0,1,0,3,0,3,0
final-project,ru.sberstart.finalproject.bank.api.dto,BankCreationDTO,15,0,0,0,1,0,3,0,3,0
final-project,ru.sberstart.finalproject.global,GlobalExceptionHandler,89,3,0,0,14,1,7,1,7,1
final-project,ru.sberstart.finalproject.global,GlobalAppExceptionDTO,15,0,0,0,1,0,3,0,3,0
final-project,ru.sberstart.finalproject.bankaccount.domain.transaction_cor,TransactionValidationInputHandler,44,9,10,0,10,4,9,2,4,2
final-project,ru.sberstart.finalproject.bankaccount.domain.transaction_cor,TransactionProviderHandler,34,6,2,0,11,3,3,1,2,1
final-project,ru.sberstart.finalproject.bankaccount.domain.transaction_cor,TransactionParamsCustomizerHandler,34,3,2,0,8,1,3,1,2,1
final-project,ru.sberstart.finalproject.bankaccount.domain.transaction_cor,TransactionHandlerFactory,23,18,0,0,5,7,1,1,1,1
final-project,ru.sberstart.finalproject.bankaccount.domain.transaction_cor,TransactionSuccessValidatorHandler,56,3,12,0,10,1,9,1,3,1
final-project,ru.sberstart.finalproject.bankaccount.domain.transaction_cor,TransactionContext,105,0,4,0,37,0,19,0,17,0
final-project,ru.sberstart.finalproject.bankaccount.domain.transaction_cor,TransactionValidationDataHandler,64,9,12,0,14,4,10,1,4,1
final-project,ru.sberstart.finalproject.bankaccount.domain.entity,BankAccount.Builder,56,0,0,0,16,0,9,0,9,0
final-project,ru.sberstart.finalproject.bankaccount.domain.entity,BankAccount,138,0,14,0,26,0,20,0,13,0
final-project,ru.sberstart.finalproject.bank.api,BankController,33,6,0,0,6,3,3,1,3,1
final-project,ru.sberstart.finalproject.global.exceptions,UnsuccessfulOperationException,3,0,0,0,1,0,1,0,1,0
final-project,ru.sberstart.finalproject.global.exceptions,NotAvailableActionsException,3,0,0,0,1,0,1,0,1,0
final-project,ru.sberstart.finalproject.global.exceptions,RecordNotFoundException,3,0,0,0,1,0,1,0,1,0
final-project,ru.sberstart.finalproject.global.exceptions,ForbiddenTransactionException,3,0,0,0,1,0,1,0,1,0
final-project,ru.sberstart.finalproject.global.exceptions,CryptoCodingException,3,0,0,0,1,0,1,0,1,0
final-project,ru.sberstart.finalproject.user.infrastructure.configuration,UserConfiguration,0,18,0,0,0,4,0,4,0,4
final-project,ru.sberstart.finalproject.card.application.manager,CardManager,178,7,12,0,46,2,15,2,9,2
final-project,ru.sberstart.finalproject.card.application.manager,CardSecretManager,52,6,2,0,10,3,6,1,5,1
final-project,ru.sberstart.finalproject.card.application.utils,CryptoUtil,200,21,2,0,44,7,7,2,6,2
final-project,ru.sberstart.finalproject.card.api.dto.inner,CardCustomizingDTO,24,0,0,0,10,0,7,0,7,0
final-project,ru.sberstart.finalproject.card.api.dto.inner,CardSecretInformationDTO,27,0,0,0,1,0,5,0,5,0
final-project,ru.sberstart.finalproject.card.api.dto.inner,CardGeneralInformationDTO,63,0,0,0,1,0,11,0,11,0
final-project,ru.sberstart.finalproject.card.api.dto.inner,CardSecretRecord,33,0,0,0,1,0,6,0,6,0
final-project,ru.sberstart.finalproject.user.domain.entity.enums,UserStatus,21,0,0,0,4,0,1,0,1,0
final-project,ru.sberstart.finalproject.user.domain.entity.enums,UserRoles,21,0,0,0,4,0,1,0,1,0
final-project,ru.sberstart.finalproject.card.api,CardController,77,6,0,0,14,3,7,1,7,1
final-project,ru.sberstart.finalproject.bankaccount.application.service,TransactionService,15,3,0,0,4,1,1,1,1,1
final-project,ru.sberstart.finalproject.bankaccount.application.service,BankAccountService,142,12,7,0,27,5,14,1,9,1
final-project,ru.sberstart.finalproject.bankaccount.api.dto.inner,BankAccountFullInformationDTO,87,0,0,0,1,0,15,0,15,0
final-project,ru.sberstart.finalproject.bankaccount.api.dto.inner,BankAccountCardIssueInformationDTO,33,0,0,0,1,0,6,0,6,0
final-project,ru.sberstart.finalproject.bank.application.service,BankService,44,6,0,0,8,3,3,1,3,1
final-project,ru.sberstart.finalproject.user.api.dto.request,UserStatusRequestDTO,15,0,0,0,1,0,3,0,3,0
final-project,ru.sberstart.finalproject.user.api.dto.request,UserRolesRequestDTO,15,0,0,0,1,0,3,0,3,0
final-project,ru.sberstart.finalproject.user.api.dto.request,UserCreationRequestDTO,33,0,0,0,1,0,6,0,6,0
final-project,ru.sberstart.finalproject.bank.infrastructure.repository,BankRepositoryImpl,78,15,0,0,23,4,4,1,4,1
final-project,ru.sberstart.finalproject.jooq,DefaultCatalog,20,0,0,0,5,0,3,0,3,0
final-project,ru.sberstart.finalproject.jooq,Indexes,56,0,0,0,5,0,2,0,2,0
final-project,ru.sberstart.finalproject.jooq,Tables,3,19,0,0,1,9,1,1,1,1
final-project,ru.sberstart.finalproject.jooq,Keys,330,0,0,0,22,0,2,0,2,0
final-project,ru.sberstart.finalproject.jooq,Public,79,0,0,0,14,0,4,0,4,0
final-project,ru.sberstart.finalproject.card.domain.entity,CardSecret.Builder,49,0,0,0,14,0,8,0,8,0
final-project,ru.sberstart.finalproject.card.domain.entity,CardSecret,39,0,0,0,1,0,7,0,7,0
final-project,ru.sberstart.finalproject.card.domain.entity,Card.Builder,42,0,0,0,12,0,7,0,7,0
final-project,ru.sberstart.finalproject.card.domain.entity,Card,37,0,0,0,14,0,7,0,7,0
final-project,ru.sberstart.finalproject.card.api.dto.request,CardsListRequestDTO,9,0,0,0,1,0,2,0,2,0
final-project,ru.sberstart.finalproject.card.api.dto.request,CardIssueRequestDTO,9,0,0,0,1,0,2,0,2,0
final-project,ru.sberstart.finalproject.card.api.dto.request,CardStateRequestDTO,15,0,0,0,1,0,3,0,3,0
final-project,ru.sberstart.finalproject.user.mapper,UserMapper,5,0,0,0,1,0,1,0,1,0
final-project,ru.sberstart.finalproject.card.domain.entity.enums,CardStates,33,0,0,0,6,0,1,0,1,0
final-project,ru.sberstart.finalproject.user.application.service,UserService,64,6,0,0,15,3,5,1,5,1
final-project,ru.sberstart.finalproject.bankaccount.mapper,BankAccountMapper,5,0,0,0,1,0,1,0,1,0
final-project,ru.sberstart.finalproject.card.mapper,CardMapper,5,0,0,0,1,0,1,0,1,0
final-project,ru.sberstart.finalproject.bankaccount.api.dto.response,BankAccountSuccessTransactionResponseDTO,15,0,0,0,1,0,3,0,3,0
final-project,ru.sberstart.finalproject.bankaccount.api.dto.response,BankAccountInformationResponseDTO,69,0,0,0,1,0,12,0,12,0
final-project,ru.sberstart.finalproject.bankaccount.api.dto.response,BankAccountCreationResponseDTO,39,0,0,0,1,0,7,0,7,0
final-project,ru.sberstart.finalproject.bankaccount.api.dto.response,BankAccountDeactivateInformationResponseDTO,27,0,0,0,1,0,5,0,5,0
final-project,ru.sberstart.finalproject.bankaccount.api.dto.response,BankAccountActiveInformationResponseDTO,27,0,0,0,1,0,5,0,5,0
final-project,ru.sberstart.finalproject.user.infrastructure.repository,UserRepositoryImpl,390,26,4,0,87,5,10,2,8,2
