<?xml version="1.0" encoding="UTF-8"?>
<testsuite xmlns:xsi="http://www.w3.org/2001/XMLSchema-instance" xsi:noNamespaceSchemaLocation="https://maven.apache.org/surefire/maven-surefire-plugin/xsd/surefire-test-report-3.0.xsd" version="3.0" name="ru.sberstart.finalproject.infrastructure.repostitory.BankAccountRepositoryImplTest" time="0.012" tests="6" errors="0" skipped="0" failures="0">
  <properties>
[...]
</properties>
  <testcase name="getServiceInfoByNumber" classname="ru.sberstart.finalproject.infrastructure.repostitory.BankAccountRepositoryImplTest" time="0.001"/>
  <testcase name="create" classname="ru.sberstart.finalproject.infrastructure.repostitory.BankAccountRepositoryImplTest" time="0.001"/>
  <testcase name="getByNumber" classname="ru.sberstart.finalproject.infrastructure.repostitory.BankAccountRepositoryImplTest" time="0.001"/>
  <testcase name="updateState" classname="ru.sberstart.finalproject.infrastructure.repostitory.BankAccountRepositoryImplTest" time="0.001"/>
  <testcase name="provideTransaction" classname="ru.sberstart.finalproject.infrastructure.repostitory.BankAccountRepositoryImplTest" time="0.001"/>
  <testcase name="getTransactionAccounts" classname="ru.sberstart.finalproject.infrastructure.repostitory.BankAccountRepositoryImplTest" time="0.002"/>
</testsuite>