<?xml version="1.0" encoding="UTF-8"?>
<testsuite xmlns:xsi="http://www.w3.org/2001/XMLSchema-instance" xsi:noNamespaceSchemaLocation="https://maven.apache.org/surefire/maven-surefire-plugin/xsd/surefire-test-report-3.0.xsd" version="3.0" name="ru.sberstart.finalproject.infrastructure.repostitory.UserRepositoryImplIntegrationTest" time="8.956" tests="4" errors="0" skipped="0" failures="0">
  <properties>
[...]
</properties>
  <testcase name="updateUserFields" classname="ru.sberstart.finalproject.infrastructure.repostitory.UserRepositoryImplIntegrationTest" time="0.744">
    <system-out><![CDATA[
  .   ____          _            __ _ _
 /\\ / ___'_ __ _ _(_)_ __  __ _ \ \ \ \
( ( )\___ | '_ | '_| | '_ \/ _` | \ \ \ \
 \\/  ___)| |_)| | | | | || (_| |  ) ) ) )
  '  |____| .__|_| |_|_| |_\__, | / / / /
 =========|_|==============|___/=/_/_/_/

 :: Spring Boot ::                (v3.3.3)

Database is up to date, no changesets to execute

UPDATE SUMMARY
Run:                          0
Previously run:               3
Filtered out:                 0
-------------------------------
Total change sets:            3

HikariCP is being used.
Hikari Pool Size: 10
Обнаружен и добавлен файл с именем: .\src\test\resources\setup\BankAccounts.txt
Обнаружен и добавлен файл с именем: .\src\test\resources\setup\Banks.txt
Обнаружен и добавлен файл с именем: .\src\test\resources\setup\Cards.txt
Обнаружен и добавлен файл с именем: .\src\test\resources\setup\CardSecrets.txt
Обнаружен и добавлен файл с именем: .\src\test\resources\setup\Users.txt
Bank{id=b2a3b28c-df7a-4c49-bfa3-53ff4e0e6a92, name='ПАО Сбербанк', identityNumber='104395867'}
Bank{id=9ac627f8-6f6a-4c4b-8183-bd07d6c0b9e6, name='АО Альфа Банк', identityNumber='958374620'}
Bank{id=3c637348-0cd0-4f56-a569-40ef4ccbb648, name='АО ВТБ', identityNumber='837920561'}
Bank{id=17dbf82d-7fd9-4a5c-83f1-e946d609a42c, name='АО Россельхозбанк', identityNumber='203957184'}
Bank{id=f382026a-2acb-45d9-b720-567d3af72935, name='ПАО Газпромбанк', identityNumber='509274836'}
Bank{id=7b3dc27c-7e70-4d85-b6b5-9b85fa3343cc, name='ПАО МКБ', identityNumber='832947615'}
Bank{id=e4be2d13-d837-4893-94d9-83874034586b, name='АО Ренессанс Кредит', identityNumber='637920458'}
Bank{id=77ff3b5e-2dd4-4d28-b519-40859c40f4f2, name='АО Промсвязьбанк', identityNumber='905732648'}
Bank{id=9b6756c7-6e71-46ff-a924-7e4e74e3fa19, name='ПАО Банк Санкт-Петербург', identityNumber='123405678'}
Bank{id=5c3825f1-babc-4028-a5c6-61d6758ffb60, name='ООО Райффайзенбанк', identityNumber='984362570'}
Bank{id=ed0d6d2f-869b-4f93-a703-6a34e4578a92, name='АО ЮниКредит Банк', identityNumber='302945671'}
Bank{id=2c356f80-e576-4d98-8519-b8e72e023bf0, name='ПАО Совкомбанк', identityNumber='937204658'}
Bank{id=f8cde45b-c60f-41c5-88a7-13ae9d6db2d8, name='ПАО Открытие', identityNumber='592847103'}
Bank{id=b9b87f44-bde8-4b1d-8bc3-03f12d24cc63, name='ООО Москоммерцбанк', identityNumber='284791530'}
Bank{id=f15c5d5e-3894-450d-bc39-8b60a5a4b32e, name='АО Тинькофф Банк', identityNumber='375926408'}
User{id=e4e09391-58ea-4dc8-bc39-ddbf5fbf09a4, name='Дмитрий', surname='Петров', birthdate=1968-02-13, phoneNumber='9372589142', passportNumber='5481627390', roles=[USER], status=REGISTERED}
User{id=65ef8d69-ec98-43a7-8348-5b55b368efc7, name='Мария', surname='Козлова', birthdate=1991-11-25, phoneNumber='9342675821', passportNumber='8462519376', roles=[USER], status=REGISTERED}
User{id=0dedb12f-9959-49e2-9ef0-52571b93e7cd, name='Андрей', surname='Смирнов', birthdate=1973-05-19, phoneNumber='9651837945', passportNumber='1934678205', roles=[USER], status=REGISTERED}
User{id=71f3bf9a-ff2c-408d-a847-86655d19573c, name='Елена', surname='Фролова', birthdate=1987-09-10, phoneNumber='9432857194', passportNumber='8302719452', roles=[USER], status=REGISTERED}
User{id=e944e7bb-85b4-4108-b355-d09f99855e41, name='Сергей', surname='Воробьев', birthdate=1983-06-14, phoneNumber='9451729365', passportNumber='6491857301', roles=[USER], status=REGISTERED}
User{id=0d4c8710-a291-436c-a398-b7d1fb625059, name='Алексей', surname='Иванов', birthdate=1978-03-21, phoneNumber='9471836592', passportNumber='8364910273', roles=[USER], status=REGISTERED}
User{id=393e9cc8-ab38-45d4-9f82-08be06163d26, name='Анна', surname='Сидорова', birthdate=1992-12-08, phoneNumber='9492751830', passportNumber='5623497104', roles=[USER], status=REGISTERED}
User{id=a29046e1-8cd3-4cdf-8681-083c5402ccd2, name='Ольга', surname='Морозова', birthdate=1985-07-09, phoneNumber='9537281943', passportNumber='9041837265', roles=[USER], status=REGISTERED}
User{id=a0f8e328-4ec8-42d1-adcc-bb312f0a7c00, name='Наталья', surname='Михайлова', birthdate=1975-11-30, phoneNumber='9571829463', passportNumber='6237849120', roles=[USER], status=REGISTERED}
User{id=14c969c6-8eec-4176-b2fa-32d308e534af, name='Игорь', surname='Кузнецов', birthdate=1980-01-17, phoneNumber='9627384159', passportNumber='9872316405', roles=[USER], status=REGISTERED}
User{id=90e293a4-f90e-4869-ba9c-7a095fd72069, name='Татьяна', surname='Попова', birthdate=1994-09-23, phoneNumber='9631948275', passportNumber='4837162093', roles=[USER], status=REGISTERED}
User{id=f0e2bc0c-576e-4dfb-a337-7e00d62eabb9, name='Максим', surname='Соколова', birthdate=1988-04-06, phoneNumber='9673182950', passportNumber='9173846502', roles=[USER], status=REGISTERED}
User{id=56652869-3d0c-4853-9f41-324f9c8aa2dd, name='Владимир', surname='Лебедев', birthdate=1976-10-28, phoneNumber='9732461809', passportNumber='8762534910', roles=[USER], status=REGISTERED}
User{id=de356cf1-e54c-4995-98a9-244412e4a974, name='Кирилл', surname='Новиков', birthdate=1984-08-11, phoneNumber='9748193627', passportNumber='9284615720', roles=[USER], status=REGISTERED}
User{id=1a72e1c7-b695-4bfb-bd52-8caaf28a8723, name='Ирина', surname='Федорова', birthdate=1993-05-22, phoneNumber='9761823946', passportNumber='1043827695', roles=[USER], status=REGISTERED}
User{id=21f2dbbc-4259-4251-bdd8-b7040538bd11, name='Евгений', surname='Кравцов', birthdate=1990-07-03, phoneNumber='9772635410', passportNumber='9051723846', roles=[USER], status=REGISTERED}
User{id=5151f4cb-0ec1-4074-83a1-6ba4e1698856, name='Анастасия', surname='Волкова', birthdate=1974-09-04, phoneNumber='9781463205', passportNumber='2938475610', roles=[USER], status=REGISTERED}
User{id=49f21058-ec06-4200-a399-10b080ba4c66, name='Николай', surname='Зайцев', birthdate=1969-06-27, phoneNumber='9813462974', passportNumber='4561837294', roles=[USER], status=REGISTERED}
User{id=957e1d70-a53e-4365-a50d-5146df832b58, name='Екатерина', surname='Семенова', birthdate=1982-02-18, phoneNumber='9841928735', passportNumber='7268345901', roles=[USER], status=REGISTERED}
User{id=d50cd767-439b-4ff7-8c8c-8a3dd0a53843, name='Виталий', surname='Ковалев', birthdate=1995-03-10, phoneNumber='9867341250', passportNumber='9137462850', roles=[USER], status=REGISTERED}
User{id=b097a878-3e4c-4037-ba2b-da05c245cb3b, name='Юлия', surname='Павлова', birthdate=1977-12-25, phoneNumber='9873164592', passportNumber='5361742893', roles=[USER], status=REGISTERED}
User{id=827133e1-a796-4c87-8ec1-836bf8bfe536, name='Артем', surname='Голубев', birthdate=1989-08-09, phoneNumber='9912837645', passportNumber='3275184906', roles=[USER], status=REGISTERED}
User{id=f7ae78bd-0d85-4511-a8b0-9a083b3a3cb1, name='Александр', surname='Романов', birthdate=1986-11-05, phoneNumber='9934182756', passportNumber='8023946571', roles=[USER], status=REGISTERED}
User{id=8a32c8f9-8d40-4611-a29a-83c92855984d, name='Виктория', surname='Карпова', birthdate=1998-04-12, phoneNumber='9942837164', passportNumber='9481625301', roles=[USER], status=REGISTERED}
User{id=07593f6a-14bd-4009-a00b-db54b8681f38, name='Павел', surname='Никифоров', birthdate=1971-06-15, phoneNumber='9973641820', passportNumber='5092836174', roles=[USER], status=REGISTERED}
User{id=b5fcacf7-98a3-4702-8810-17b7777a54af, name='Ксения', surname='Герасимова', birthdate=1972-01-19, phoneNumber='9998273164', passportNumber='8149276530', roles=[USER], status=REGISTERED}
User{id=376ecfa2-ca1c-4d08-8d90-4c34253cb3f7, name='Олег', surname='Ершов', birthdate=1981-09-27, phoneNumber='9351748291', passportNumber='8371625049', roles=[USER], status=REGISTERED}
User{id=b359edc8-00d4-4a7b-86f0-cabb7b3fff89, name='Владислав', surname='Григорьев', birthdate=1967-05-23, phoneNumber='9376258317', passportNumber='3651948720', roles=[USER], status=REGISTERED}
User{id=2e7b4136-1904-427c-8007-bbb4fddf6e8d, name='Вера', surname='Мельникова', birthdate=1997-03-05, phoneNumber='9381527469', passportNumber='8204937165', roles=[USER], status=REGISTERED}
User{id=7108b36a-e22e-4416-8dbc-752b7e8d5e65, name='Марина', surname='Калашникова', birthdate=1982-10-31, phoneNumber='9421837461', passportNumber='9173642508', roles=[USER], status=REGISTERED}
User{id=2efe3922-f69e-42ce-be77-17bea5576dbd, name='Юрий', surname='Зубков', birthdate=1990-04-08, phoneNumber='9436258174', passportNumber='8264173950', roles=[USER], status=REGISTERED}
User{id=9f1c806a-69bd-43bc-bd61-303f07410c4e, name='Лариса', surname='Борисова', birthdate=1986-09-16, phoneNumber='9451728490', passportNumber='1937482650', roles=[USER], status=REGISTERED}
User{id=aace4314-c4e8-4c1b-8a4d-1fcc8bb07077, name='Денис', surname='Мартынов', birthdate=1991-08-03, phoneNumber='9482653174', passportNumber='7601834925', roles=[USER], status=REGISTERED}
User{id=0cad4a17-1c6e-4e5e-bd3a-7e4cd7ccc9d1, name='Александр', surname='Лазарев', birthdate=1975-12-19, phoneNumber='9492718563', passportNumber='3294176509', roles=[USER], status=REGISTERED}
User{id=d321c437-36ba-4c6e-9190-d2c016d7cb8d, name='Виктор', surname='Горшков', birthdate=1983-06-07, phoneNumber='9528374165', passportNumber='7209183654', roles=[USER], status=REGISTERED}
User{id=6f6875ce-ba6f-4b72-8fbe-1a6bfe4105ed, name='Светлана', surname='Демидова', birthdate=1987-11-01, phoneNumber='9532746185', passportNumber='9301854276', roles=[USER], status=REGISTERED}
User{id=563b7b7d-f15c-4db5-8174-145f31d45013, name='Алина', surname='Матвеева', birthdate=1992-07-20, phoneNumber='9573849201', passportNumber='5829173461', roles=[USER], status=REGISTERED}
User{id=cb51e591-ec3b-46c4-b0e3-7eabac762a73, name='Геннадий', surname='Николаев', birthdate=1974-05-09, phoneNumber='9601438267', passportNumber='7491283506', roles=[USER], status=REGISTERED}
User{id=9c49b8e7-d858-4ed7-8fed-879e65852dd4, name='Екатерина', surname='Беляева', birthdate=1993-08-25, phoneNumber='9632718490', passportNumber='8349105672', roles=[USER], status=REGISTERED}
User{id=aadcc6d7-001d-43fd-8535-261b9cb6f7e2, name='Анатолий', surname='Титов', birthdate=1968-01-15, phoneNumber='9647268159', passportNumber='1947582036', roles=[USER], status=REGISTERED}
User{id=07f4609e-c1a2-4fa5-9d03-bcc55cc581f3, name='Антон', surname='Маслов', birthdate=1990-06-11, phoneNumber='9651832749', passportNumber='3951748206', roles=[USER], status=REGISTERED}
User{id=1fa4f8cf-35ae-4fbd-ac09-cbb7dc080be1, name='Зоя', surname='Васильева', birthdate=1988-02-22, phoneNumber='9681425370', passportNumber='5298346172', roles=[USER], status=REGISTERED}
User{id=b3215b51-bbe5-4ee9-975e-5d1afd574e82, name='Петр', surname='Орлов', birthdate=1985-07-18, phoneNumber='9692741638', passportNumber='3805274169', roles=[USER], status=REGISTERED}
User{id=8b3364b9-8607-428b-9f46-6e8d88870bee, name='Людмила', surname='Киселева', birthdate=1971-11-09, phoneNumber='9712863497', passportNumber='6501937480', roles=[USER], status=REGISTERED}
User{id=008f9d17-f817-468b-b992-d668d588caad, name='Василий', surname='Савин', birthdate=1997-12-14, phoneNumber='9736284910', passportNumber='1702948365', roles=[USER], status=REGISTERED}
User{id=145988f9-d05a-4172-b38e-c53da596462d, name='Оксана', surname='Рябова', birthdate=1976-03-30, phoneNumber='9768241590', passportNumber='5271384906', roles=[USER], status=REGISTERED}
User{id=021b3ed1-7948-4ea2-b7ef-6d226dd26ebb, name='Дмитрий', surname='Чернышов', birthdate=1979-05-05, phoneNumber='9783742165', passportNumber='1284953701', roles=[USER], status=REGISTERED}
User{id=308c4aa2-f401-412c-ae36-763c862e38c1, name='Наталья', surname='Панова', birthdate=1995-06-23, phoneNumber='9813758264', passportNumber='6241375982', roles=[USER], status=REGISTERED}
User{id=3ac23a0d-171c-4d00-9e9b-591d5997d455, name='Ольга', surname='Миронова', birthdate=1983-04-29, phoneNumber='9831468270', passportNumber='9851726409', roles=[USER], status=REGISTERED}
User{id=f486f2ad-22a6-4161-a497-37896174834d, name='Игорь', surname='Фролов', birthdate=1974-11-03, phoneNumber='9842715394', passportNumber='9138571206', roles=[USER], status=REGISTERED}
User{id=94eb6060-273a-40ad-92a3-bf64a394725f, name='Галина', surname='Афанасьева', birthdate=1980-09-22, phoneNumber='9874152639', passportNumber='4619820375', roles=[USER], status=REGISTERED}
User{id=bab24c7c-5779-4958-af6b-a1da47e4a004, name='Степан', surname='Родионов', birthdate=1992-05-01, phoneNumber='9893274851', passportNumber='8410756329', roles=[USER], status=REGISTERED}
User{id=ae4558ad-8f67-4323-aa30-b84da341ccad, name='Ольга', surname='Гаврилова', birthdate=1969-03-15, phoneNumber='9902374816', passportNumber='3751940286', roles=[USER], status=REGISTERED}
User{id=7e06d4f1-0fa5-4efc-9965-26a315084a41, name='Евгения', surname='Капустина', birthdate=1998-12-07, phoneNumber='9928463715', passportNumber='9023715846', roles=[USER], status=REGISTERED}
User{id=4af8c446-601d-4334-a351-3c23e70edadc, name='Геннадий', surname='Кузьмичев', birthdate=1991-02-03, phoneNumber='9931728405', passportNumber='4871653094', roles=[USER], status=REGISTERED}
User{id=4d5a0fd2-33de-4bea-be34-e930e53e9198, name='Надежда', surname='Рожкова', birthdate=1989-07-12, phoneNumber='9943618570', passportNumber='3274819057', roles=[USER], status=REGISTERED}
User{id=bea77a10-deb9-4007-a1c2-3a8264eefe9d, name='Виктор', surname='Сафонов', birthdate=1983-10-25, phoneNumber='9958734619', passportNumber='9821376054', roles=[USER], status=REGISTERED}
User{id=365851be-44a5-4b15-93fd-548dc2d2a4f9, name='Сергей', surname='Шилов', birthdate=1984-08-18, phoneNumber='9963721480', passportNumber='6304182957', roles=[USER], status=REGISTERED}
User{id=add04931-6fe8-4dd0-b199-681f39c144f2, name='Ирина', surname='Трофимова', birthdate=1992-03-29, phoneNumber='9971843265', passportNumber='5210738649', roles=[USER], status=REGISTERED}
User{id=d0c964ae-d977-42ef-ac50-dff55b7e259f, name='Кирилл', surname='Гусев', birthdate=1993-09-02, phoneNumber='9992748516', passportNumber='7831650247', roles=[USER], status=REGISTERED}
User{id=ab5b3a8a-860a-46b5-88fe-e9339c2f89ec, name='Марина', surname='Барсукова', birthdate=1985-05-04, phoneNumber='9348725163', passportNumber='4821396075', roles=[USER], status=REGISTERED}
User{id=6b5d150a-ccd7-45e0-b13d-9cda47c3a7f2, name='Людмила', surname='Нечаева', birthdate=1974-08-31, phoneNumber='9357482105', passportNumber='7103829456', roles=[USER], status=REGISTERED}
User{id=3507d013-d6b0-4e89-8c3e-726914ed77c8, name='Владимир', surname='Яковлев', birthdate=1969-12-28, phoneNumber='9384725910', passportNumber='8927163540', roles=[USER], status=REGISTERED}
User{id=c157b57d-5374-4d45-a1ea-e906cd344a11, name='Екатерина', surname='Логинова', birthdate=1990-06-20, phoneNumber='9393851726', passportNumber='1739482065', roles=[USER], status=REGISTERED}
User{id=cc7782d3-5bf6-4b41-b948-86fe3a7fc710, name='Андрей', surname='Шестаков', birthdate=1988-01-14, phoneNumber='9417835264', passportNumber='2746381957', roles=[USER], status=REGISTERED}
User{id=32d4e049-d51a-4619-90f0-8528b53b8904, name='Наталья', surname='Селезнева', birthdate=1977-09-18, phoneNumber='9428391672', passportNumber='8157293046', roles=[USER], status=REGISTERED}
User{id=4aafaf9c-a220-4a53-bb18-b749e98ce485, name='Татьяна', surname='Ефимова', birthdate=1985-03-11, phoneNumber='9448216394', passportNumber='2345179860', roles=[USER], status=REGISTERED}
User{id=f910b41e-5930-4ddc-97da-a24fd0d8c073, name='Олег', surname='Козлов', birthdate=1978-11-22, phoneNumber='9461928375', passportNumber='8275319408', roles=[USER], status=REGISTERED}
User{id=6d1c7921-2c8c-4bd0-91e5-fc9762b7976a, name='Владислав', surname='Петров', birthdate=1994-06-09, phoneNumber='9472857163', passportNumber='6231948075', roles=[USER], status=REGISTERED}
User{id=5776b39e-0bba-4652-b8b9-3440ba5c07d4, name='Галина', surname='Игнатова', birthdate=1997-04-24, phoneNumber='9497261835', passportNumber='9402718536', roles=[USER], status=REGISTERED}
User{id=a19fd877-609e-4f5c-a049-2b5e4667ec2e, name='Иван', surname='Бобров', birthdate=1995-05-30, phoneNumber='9521837562', passportNumber='3184957026', roles=[USER], status=REGISTERED}
User{id=604961c3-1f81-466b-8d1d-02906e5d978c, name='Антон', surname='Волков', birthdate=1989-10-10, phoneNumber='9532168790', passportNumber='2495386710', roles=[USER], status=REGISTERED}
User{id=3fdc215b-036c-462f-9140-e8b580f4cc68, name='Елена', surname='Медведева', birthdate=1986-02-07, phoneNumber='9542837165', passportNumber='5302917486', roles=[USER], status=REGISTERED}
User{id=69017ffa-e3bf-4b78-96a3-fee3dd97cc1b, name='Алексей', surname='Громов', birthdate=1971-07-15, phoneNumber='9571836490', passportNumber='6281345071', roles=[USER], status=REGISTERED}
User{id=e11bf53c-c355-4bd0-9110-d48978e54a2f, name='Евгений', surname='Макаров', birthdate=1982-12-06, phoneNumber='9582735614', passportNumber='1936748520', roles=[USER], status=REGISTERED}
User{id=33c1b828-ea1a-4c8d-9c8f-3d2cc2249782, name='Оксана', surname='Киселева', birthdate=1993-08-17, phoneNumber='9612857394', passportNumber='7503184629', roles=[USER], status=REGISTERED}
User{id=8eedc271-e724-4a19-adb0-547312cfaadd, name='Татьяна', surname='Коваленко', birthdate=1973-10-23, phoneNumber='9627481925', passportNumber='9345271604', roles=[USER], status=REGISTERED}
User{id=f3e50816-bd95-4abc-b71c-3ef0c44a598d, name='Мария', surname='Малышева', birthdate=1998-01-05, phoneNumber='9639174823', passportNumber='7023948567', roles=[USER], status=REGISTERED}
User{id=77699b90-4c78-46bb-a4d3-487e2520eaa0, name='Валентина', surname='Быкова', birthdate=1980-06-16, phoneNumber='9652847365', passportNumber='8294751632', roles=[USER], status=REGISTERED}
User{id=44439bbf-da31-4be0-a32b-f8846d3ef000, name='Владимир', surname='Царев', birthdate=1984-05-12, phoneNumber='9675283416', passportNumber='5318479601', roles=[USER], status=REGISTERED}
User{id=f8f16f36-a3bb-4819-8a77-3bd2a36861c1, name='Ольга', surname='Жукова', birthdate=1996-11-26, phoneNumber='9683749152', passportNumber='6279145802', roles=[USER], status=REGISTERED}
User{id=696c0131-a9ea-49aa-80e7-a0421eace6cd, name='Валерий', surname='Семёнов', birthdate=1972-07-19, phoneNumber='9692837164', passportNumber='8590734615', roles=[USER], status=REGISTERED}
User{id=671771d9-a2a3-4607-ac40-4ec48837ea22, name='Анна', surname='Плотникова', birthdate=1981-10-08, phoneNumber='9714827395', passportNumber='9465283107', roles=[USER], status=REGISTERED}
User{id=dba8cce1-7b26-4ddc-a5db-e28918f056c5, name='Екатерина', surname='Чернова', birthdate=1999-06-13, phoneNumber='9726518390', passportNumber='7301948562', roles=[USER], status=REGISTERED}
User{id=051aa95d-b676-4b6d-8f4f-3a1f07a964a9, name='Иван', surname='Гончаров', birthdate=1977-02-25, phoneNumber='9738274156', passportNumber='6492071385', roles=[USER], status=REGISTERED}
User{id=f2bc3a9e-56c8-4c56-a95a-6f73bcaf13a8, name='Ольга', surname='Щербакова', birthdate=1990-04-19, phoneNumber='9743625817', passportNumber='8316492075', roles=[USER], status=REGISTERED}
User{id=70cade34-fbd1-4541-b9a0-0c9ec2a88890, name='Кристина', surname='Румянцева', birthdate=1994-09-29, phoneNumber='9758234615', passportNumber='5927438016', roles=[USER], status=REGISTERED}
User{id=ee03a948-9399-474e-9c34-1ec2682a2c72, name='Александр', surname='Юдин', birthdate=1986-12-14, phoneNumber='9783651280', passportNumber='1349586701', roles=[USER], status=REGISTERED}
User{id=f6ba4adb-dae5-4e28-984a-d52a59535d1c, name='Игорь', surname='Савельев', birthdate=1979-01-06, phoneNumber='9802948175', passportNumber='3752941860', roles=[USER], status=REGISTERED}
User{id=b248471e-12e5-4820-9866-9e9ad074cf44, name='Вера', surname='Коновалова', birthdate=1983-08-05, phoneNumber='9813765829', passportNumber='9438217604', roles=[USER], status=REGISTERED}
User{id=5cb236e2-1a68-4627-a9b5-d440498d25b0, name='Тимур', surname='Петухов', birthdate=1992-06-21, phoneNumber='9824153768', passportNumber='8612950347', roles=[USER], status=REGISTERED}
User{id=8d30bee9-69bf-4fc2-b323-41d13f5b5040, name='Олеся', surname='Гусева', birthdate=1987-09-12, phoneNumber='9836278415', passportNumber='4721938650', roles=[USER], status=REGISTERED}
User{id=906a4e17-7b7e-4ba4-87cb-f08019611630, name='Екатерина', surname='Фомина', birthdate=1995-10-03, phoneNumber='9851748206', passportNumber='9134627805', roles=[USER], status=REGISTERED}
User{id=1d256b30-9ea1-4ed8-8f33-75da86213276, name='Николай', surname='Князев', birthdate=1988-04-26, phoneNumber='9865812943', passportNumber='3841057629', roles=[USER], status=REGISTERED}
User{id=0b283503-8db1-4dbc-98d4-3bd27265fade, name='Елена', surname='Маслова', birthdate=1991-11-17, phoneNumber='9872153468', passportNumber='6723481059', roles=[USER], status=REGISTERED}
User{id=4730f3c3-f7a8-42e5-8f19-f5c9b004d81d, name='Игорь', surname='Панкратов', birthdate=1980-02-08, phoneNumber='9886723814', passportNumber='2038471560', roles=[USER], status=REGISTERED}
User{id=4956ab80-e42e-46e6-bdf1-c0bda5ed651c, name='Татьяна', surname='Титова', birthdate=1973-05-19, phoneNumber='9901827564', passportNumber='5829104736', roles=[USER], status=REGISTERED}
User{id=f3d5922b-bbff-47a4-97c0-f8903f654a27, name='Евгений', surname='Зуев', birthdate=1993-03-22, phoneNumber='9923648157', passportNumber='4827159032', roles=[USER], status=REGISTERED}
User{id=0621278f-a984-4aff-b523-3f0c42af06d7, name='Леонид', surname='Тихонов', birthdate=1986-07-05, phoneNumber='9938127406', passportNumber='9132748501', roles=[USER], status=REGISTERED}
User{id=dd35c162-797f-4be4-8f74-ef9b6522d7dd, name='Анна', surname='Журавлева', birthdate=1984-02-14, phoneNumber='9941873564', passportNumber='5102739648', roles=[USER], status=REGISTERED}
User{id=7b57a0ef-d6f5-4712-9952-a7b568cd91e8, name='Денис', surname='Поляков', birthdate=1972-09-11, phoneNumber='9954281736', passportNumber='3842951706', roles=[USER], status=REGISTERED}
User{id=aea5f6ed-efa0-4307-9c3a-e0ef906df16c, name='Олег', surname='Лобанов', birthdate=1990-05-16, phoneNumber='9961723485', passportNumber='6503941728', roles=[USER], status=REGISTERED}
User{id=54d84633-84ce-4174-94c3-3b1f82efffe2, name='Александра', surname='Ларионова', birthdate=1995-10-24, phoneNumber='9975618230', passportNumber='7814520937', roles=[USER], status=REGISTERED}
User{id=9f37925d-1104-474a-8692-3636eed7b22b, name='Владимир', surname='Тарасов', birthdate=1973-12-07, phoneNumber='9992738514', passportNumber='9284163057', roles=[USER], status=REGISTERED}
User{id=19e1498c-cee3-4e19-9539-b606cb53784e, name='Наталья', surname='Кудрявцева', birthdate=1994-11-30, phoneNumber='9327481936', passportNumber='5723810495', roles=[USER], status=REGISTERED}
User{id=6b701a22-821a-4066-8063-e2a25b21e893, name='Виктор', surname='Колесников', birthdate=1989-07-19, phoneNumber='9348173529', passportNumber='8204751936', roles=[USER], status=REGISTERED}
User{id=c036068d-98d6-4298-ba11-c701273905e6, name='Екатерина', surname='Румянцева', birthdate=1981-06-22, phoneNumber='9352648173', passportNumber='9415283076', roles=[USER], status=REGISTERED}
User{id=333125d0-5a89-42e4-be9d-a3e47f5dd347, name='Анатолий', surname='Сысоев', birthdate=1975-03-29, phoneNumber='9365178240', passportNumber='2384195736', roles=[USER], status=REGISTERED}
User{id=2aa39441-8edd-4b5d-b290-c7ae9384a5bc, name='Марина', surname='Дорофеева', birthdate=1978-08-27, phoneNumber='9374165823', passportNumber='7162938405', roles=[USER], status=REGISTERED}
User{id=2d92c8d6-df07-475f-9dec-7466238eea27, name='Вячеслав', surname='Кузьмин', birthdate=1982-10-18, phoneNumber='9387294158', passportNumber='6274810593', roles=[USER], status=REGISTERED}
User{id=a8f8379b-6927-4f59-a70e-b508187b13f7, name='Елена', surname='Прохорова', birthdate=1993-09-25, phoneNumber='9391745823', passportNumber='5041832976', roles=[USER], status=REGISTERED}
User{id=31208609-1e1f-44a9-b80c-f0164ae7d7f6, name='Антон', surname='Калинин', birthdate=1979-04-08, phoneNumber='9407261538', passportNumber='1298345072', roles=[USER], status=REGISTERED}
User{id=49a5198c-4903-430e-aff7-013ecc9d1f57, name='Тимофей', surname='Рыбаков', birthdate=1991-01-18, phoneNumber='9412853749', passportNumber='8271495038', roles=[USER], status=REGISTERED}
User{id=6630d101-f32b-44fa-b477-f3158b7fc294, name='Надежда', surname='Пономарева', birthdate=1986-11-27, phoneNumber='9421578349', passportNumber='6583941726', roles=[USER], status=REGISTERED}
User{id=827d8bde-0ee7-4f09-8d92-247df4a3bac1, name='Игорь', surname='Филиппов', birthdate=1983-03-31, phoneNumber='9438716492', passportNumber='8134972059', roles=[USER], status=REGISTERED}
User{id=0591bb74-331b-4721-9bf2-1dcf7bdef806, name='Иван', surname='Лыткин', birthdate=1980-08-24, phoneNumber='9442173859', passportNumber='1493278605', roles=[USER], status=REGISTERED}
User{id=6454ae22-aaa9-48ab-9efe-80603362eded, name='Ольга', surname='Киселёва', birthdate=1976-09-17, phoneNumber='9458162347', passportNumber='5072936184', roles=[USER], status=REGISTERED}
User{id=a49fb4a6-f217-4927-abaf-fc779e7465fe, name='Алексей', surname='Зуев', birthdate=1996-07-12, phoneNumber='9472183659', passportNumber='6938574012', roles=[USER], status=REGISTERED}
User{id=89aed994-a47a-4ed8-80bd-036463148970, name='Маргарита', surname='Яшина', birthdate=1997-05-30, phoneNumber='9485273641', passportNumber='4103972856', roles=[USER], status=REGISTERED}
User{id=87319c74-f2a2-4fca-bd96-892cdc14a99c, name='Сергей', surname='Лукин', birthdate=1991-03-13, phoneNumber='9498735612', passportNumber='7123854907', roles=[USER], status=REGISTERED}
User{id=3aa8f685-b754-477c-92dc-987659eee405, name='Виктория', surname='Королева', birthdate=1995-08-20, phoneNumber='9502841735', passportNumber='5387201946', roles=[USER], status=REGISTERED}
User{id=2e7897ac-b432-461d-91e5-03f0fca6d4f7, name='Евгений', surname='Калугин', birthdate=1984-11-21, phoneNumber='9527384659', passportNumber='8235971402', roles=[USER], status=REGISTERED}
User{id=a7689b9c-891d-40ca-b5b5-d0d6e813647a, name='Юлия', surname='Яковлева', birthdate=1987-12-09, phoneNumber='9534718263', passportNumber='6234917580', roles=[USER], status=REGISTERED}
User{id=b5f297ec-64ce-4b7b-b4d2-d33fdeae0e8a, name='Людмила', surname='Михайлова', birthdate=1979-04-02, phoneNumber='9541298374', passportNumber='7401835629', roles=[USER], status=REGISTERED}
User{id=825c4b9e-3cee-4198-871a-bea1fd48b2d0, name='Никита', surname='Григорьев', birthdate=1985-03-25, phoneNumber='9558174329', passportNumber='1936487520', roles=[USER], status=REGISTERED}
User{id=2dbcc5fb-278b-4661-b954-bd54f354104d, name='Светлана', surname='Кузьмина', birthdate=1992-02-05, phoneNumber='9578349120', passportNumber='3049752168', roles=[USER], status=REGISTERED}
User{id=23281b54-ec35-467b-9a93-b196b3ba73c7, name='Игорь', surname='Артемьев', birthdate=1988-06-19, phoneNumber='9591482763', passportNumber='5293048716', roles=[USER], status=REGISTERED}
User{id=5a1b82b4-923e-4c40-9e62-fbc255466c61, name='Валентина', surname='Зиновьева', birthdate=1994-09-03, phoneNumber='9604137582', passportNumber='6483917250', roles=[USER], status=REGISTERED}
User{id=fcc50afc-e747-45b9-a4ac-e1d3665c1918, name='Олеся', surname='Жданова', birthdate=1990-01-29, phoneNumber='9618473052', passportNumber='4719386051', roles=[USER], status=REGISTERED}
User{id=5fe23457-d8ac-41b1-a001-a35137cf9fe7, name='Максим', surname='Афанасьев', birthdate=1982-07-27, phoneNumber='9625187439', passportNumber='8372516093', roles=[USER], status=REGISTERED}
User{id=ebd1b370-2fdd-48e1-9000-7889539c5cc4, name='Ирина', surname='Мельникова', birthdate=1989-10-15, phoneNumber='9637481052', passportNumber='5127938460', roles=[USER], status=REGISTERED}
User{id=8964276b-3091-4672-bfb6-e5bb8ee98cfe, name='Владимир', surname='Федоров', birthdate=1981-11-23, phoneNumber='9643128597', passportNumber='7304921768', roles=[USER], status=REGISTERED}
User{id=ae723a16-c46c-41fa-8b23-9c21727ff1bd, name='Геннадий', surname='Сазонов', birthdate=1997-03-31, phoneNumber='9657812349', passportNumber='3198574206', roles=[USER], status=REGISTERED}
User{id=986c4cf7-189b-4c3c-8ae7-e9b324e9bc00, name='Екатерина', surname='Моисеева', birthdate=1992-05-17, phoneNumber='9671842036', passportNumber='2847591306', roles=[USER], status=REGISTERED}
User{id=29777227-47cf-452a-981d-507033f5c70e, name='Кирилл', surname='Щукин', birthdate=1978-02-11, phoneNumber='9682734618', passportNumber='9304127586', roles=[USER], status=REGISTERED}
User{id=e0b130c8-ca4c-428d-bc74-c1cdf271ab54, name='Елена', surname='Никитина', birthdate=1983-04-21, phoneNumber='9691752438', passportNumber='6412759038', roles=[USER], status=REGISTERED}
User{id=e098bd87-5bc4-4b2d-ae05-c58f6a5bfbc0, name='Павел', surname='Гаврилов', birthdate=1974-01-14, phoneNumber='9703468295', passportNumber='3528194607', roles=[USER], status=REGISTERED}
User{id=560b4896-1f55-40cf-be80-8880e4acf2e7, name='Татьяна', surname='Белоусова', birthdate=1976-06-30, phoneNumber='9715278340', passportNumber='5407283169', roles=[USER], status=REGISTERED}
User{id=a4dcfe19-6384-4859-a61c-ba2f43fe39c6, name='Андрей', surname='Захаров', birthdate=1987-08-07, phoneNumber='9731283654', passportNumber='8216374905', roles=[USER], status=REGISTERED}
User{id=6588c530-0a5c-415e-a599-274591b3714b, name='Оксана', surname='Шишкина', birthdate=1996-04-11, phoneNumber='9748591427', passportNumber='9047215386', roles=[USER], status=REGISTERED}
User{id=fb200cff-9aee-4e71-9a78-b7d7d01cd2d7, name='Юрий', surname='Елисеев', birthdate=1993-12-16, phoneNumber='9753186490', passportNumber='7204195830', roles=[USER], status=REGISTERED}
User{id=035b16b4-3227-410c-9597-a48a91842a9d, name='Тимур', surname='Черкасов', birthdate=1995-02-28, phoneNumber='9762735841', passportNumber='8234109576', roles=[USER], status=REGISTERED}
User{id=39957e5e-9a95-4473-93da-84ece08a893f, name='Марина', surname='Галкина', birthdate=1984-03-23, phoneNumber='9774821539', passportNumber='7305619487', roles=[USER], status=REGISTERED}
User{id=0a46c2b5-ab05-40f4-9bdf-60aa2dc8fefc, name='Анатолий', surname='Беспалов', birthdate=1992-10-06, phoneNumber='9785943267', passportNumber='6842951038', roles=[USER], status=REGISTERED}
User{id=a3358ab7-fe5a-4660-a12f-6049bcf5dc86, name='Елена', surname='Короткова', birthdate=1980-09-14, phoneNumber='9796384752', passportNumber='9173246581', roles=[USER], status=REGISTERED}
User{id=fc9267a4-06a7-4420-8463-332de9def32f, name='Сергей', surname='Пестов', birthdate=1993-05-04, phoneNumber='9802164395', passportNumber='3105847296', roles=[USER], status=REGISTERED}
User{id=3e14335e-20e3-463c-8b1f-966345a1cf38, name='Виктория', surname='Тетерина', birthdate=1986-11-11, phoneNumber='9817453206', passportNumber='5781329640', roles=[USER], status=REGISTERED}
User{id=f42217d9-4a01-4ff4-8108-350d65c07a48, name='Иван', surname='Ковалев', birthdate=1977-06-18, phoneNumber='9836148295', passportNumber='9358172046', roles=[USER], status=REGISTERED}
User{id=dd6b96b4-77f0-4ef9-8ccf-1f02318927f3, name='Андрей', surname='Горбунов', birthdate=1988-12-09, phoneNumber='9843725168', passportNumber='4109382751', roles=[USER], status=REGISTERED}
User{id=aa742417-d64b-4fac-8806-43ad54aee638, name='Анна', surname='Мишина', birthdate=1991-01-22, phoneNumber='9852641837', passportNumber='6129384750', roles=[USER], status=REGISTERED}
BankAccount{id=68b06905-df8a-451f-a49c-8571ca038642, bankId=e4be2d13-d837-4893-94d9-83874034586b, userId=56652869-3d0c-4853-9f41-324f9c8aa2dd, registryDate=2020-11-15, number='20201115-56652869-3d0c-4853-9f41-324f9c8aa2dd', balance=3240.06, state=ACTIVE}
BankAccount{id=f032c543-af04-4743-a2f7-671b1ceb5f96, bankId=5c3825f1-babc-4028-a5c6-61d6758ffb60, userId=7108b36a-e22e-4416-8dbc-752b7e8d5e65, registryDate=2020-04-03, number='20200403-7108b36a-e22e-4416-8dbc-752b7e8d5e65', balance=6354.22, state=CLOSED}
BankAccount{id=cf2dcb94-7449-4dc5-ad52-36d540e3343d, bankId=17dbf82d-7fd9-4a5c-83f1-e946d609a42c, userId=b359edc8-00d4-4a7b-86f0-cabb7b3fff89, registryDate=2020-09-09, number='20200909-b359edc8-00d4-4a7b-86f0-cabb7b3fff89', balance=44633.22, state=CLOSED}
BankAccount{id=354ef7d5-6ca2-4ae1-b41a-f296603b6b19, bankId=f382026a-2acb-45d9-b720-567d3af72935, userId=9f1c806a-69bd-43bc-bd61-303f07410c4e, registryDate=2021-02-11, number='20210211-9f1c806a-69bd-43bc-bd61-303f07410c4e', balance=80547.65, state=CLOSED}
BankAccount{id=4826f176-2c25-4723-b669-be2fa46f073a, bankId=77ff3b5e-2dd4-4d28-b519-40859c40f4f2, userId=21f2dbbc-4259-4251-bdd8-b7040538bd11, registryDate=2023-03-01, number='20230301-21f2dbbc-4259-4251-bdd8-b7040538bd11', balance=42968.39, state=CREATED}
BankAccount{id=72eebb7e-9bb1-4f1a-9587-eac179a6be33, bankId=9b6756c7-6e71-46ff-a924-7e4e74e3fa19, userId=56652869-3d0c-4853-9f41-324f9c8aa2dd, registryDate=2021-03-09, number='20210309-56652869-3d0c-4853-9f41-324f9c8aa2dd', balance=72212.86, state=CLOSED}
BankAccount{id=5f006fef-5c67-4c69-b617-c427df546a72, bankId=e4be2d13-d837-4893-94d9-83874034586b, userId=b359edc8-00d4-4a7b-86f0-cabb7b3fff89, registryDate=2022-09-25, number='20220925-b359edc8-00d4-4a7b-86f0-cabb7b3fff89', balance=84462.27, state=STOPPED}
BankAccount{id=1f00d019-72c8-4644-92b3-2ee4bbceb274, bankId=9ac627f8-6f6a-4c4b-8183-bd07d6c0b9e6, userId=de356cf1-e54c-4995-98a9-244412e4a974, registryDate=2023-03-20, number='20230320-de356cf1-e54c-4995-98a9-244412e4a974', balance=91714.35, state=STOPPED}
BankAccount{id=5ec72c70-aae7-4a56-b2ff-87b00aad7f15, bankId=9b6756c7-6e71-46ff-a924-7e4e74e3fa19, userId=376ecfa2-ca1c-4d08-8d90-4c34253cb3f7, registryDate=2023-02-07, number='20230207-376ecfa2-ca1c-4d08-8d90-4c34253cb3f7', balance=24018.42, state=CLOSED}
BankAccount{id=b7fb449a-79ca-4446-b73f-8eb36a4dd0d4, bankId=5c3825f1-babc-4028-a5c6-61d6758ffb60, userId=393e9cc8-ab38-45d4-9f82-08be06163d26, registryDate=2024-01-18, number='20240118-393e9cc8-ab38-45d4-9f82-08be06163d26', balance=98255.79, state=CLOSED}
BankAccount{id=e52b1eb0-0b23-4ce1-a6ee-bcb6e5226dba, bankId=7b3dc27c-7e70-4d85-b6b5-9b85fa3343cc, userId=957e1d70-a53e-4365-a50d-5146df832b58, registryDate=2020-03-23, number='20200323-957e1d70-a53e-4365-a50d-5146df832b58', balance=91591.19, state=ACTIVE}
BankAccount{id=a87edcdc-439c-4458-8b30-4895d0ea1cfd, bankId=2c356f80-e576-4d98-8519-b8e72e023bf0, userId=de356cf1-e54c-4995-98a9-244412e4a974, registryDate=2020-05-09, number='20200509-de356cf1-e54c-4995-98a9-244412e4a974', balance=11845.93, state=CREATED}
BankAccount{id=ebdad818-0276-46b3-bd3d-e259f6325882, bankId=b2a3b28c-df7a-4c49-bfa3-53ff4e0e6a92, userId=07593f6a-14bd-4009-a00b-db54b8681f38, registryDate=2024-07-14, number='20240714-07593f6a-14bd-4009-a00b-db54b8681f38', balance=47543.38, state=CREATED}
BankAccount{id=3ae4f78c-9c41-4c34-a615-dfb9dea560f9, bankId=f15c5d5e-3894-450d-bc39-8b60a5a4b32e, userId=65ef8d69-ec98-43a7-8348-5b55b368efc7, registryDate=2024-05-17, number='20240517-65ef8d69-ec98-43a7-8348-5b55b368efc7', balance=56270.63, state=ACTIVE}
BankAccount{id=1d4fbd04-83db-4651-86d3-29e613b0aa56, bankId=9ac627f8-6f6a-4c4b-8183-bd07d6c0b9e6, userId=a0f8e328-4ec8-42d1-adcc-bb312f0a7c00, registryDate=2020-10-20, number='20201020-a0f8e328-4ec8-42d1-adcc-bb312f0a7c00', balance=63528.93, state=ACTIVE}
BankAccount{id=5c7d4cd7-a44f-4432-a250-c68ba271f2e3, bankId=b2a3b28c-df7a-4c49-bfa3-53ff4e0e6a92, userId=b359edc8-00d4-4a7b-86f0-cabb7b3fff89, registryDate=2023-06-01, number='20230601-b359edc8-00d4-4a7b-86f0-cabb7b3fff89', balance=21349.05, state=STOPPED}
BankAccount{id=6e11e175-9bde-4231-bb48-11b5f3e5384a, bankId=9b6756c7-6e71-46ff-a924-7e4e74e3fa19, userId=de356cf1-e54c-4995-98a9-244412e4a974, registryDate=2023-10-26, number='20231026-de356cf1-e54c-4995-98a9-244412e4a974', balance=1382.82, state=CREATED}
BankAccount{id=3f96f7ce-6c29-4543-88a2-142b908139f0, bankId=f8cde45b-c60f-41c5-88a7-13ae9d6db2d8, userId=aace4314-c4e8-4c1b-8a4d-1fcc8bb07077, registryDate=2021-05-27, number='20210527-aace4314-c4e8-4c1b-8a4d-1fcc8bb07077', balance=27334.57, state=STOPPED}
BankAccount{id=15f38363-02dc-4d0a-97f8-0ec75b375a9a, bankId=e4be2d13-d837-4893-94d9-83874034586b, userId=2e7b4136-1904-427c-8007-bbb4fddf6e8d, registryDate=2024-02-08, number='20240208-2e7b4136-1904-427c-8007-bbb4fddf6e8d', balance=60968.66, state=STOPPED}
BankAccount{id=f85f9589-f6ae-4f79-be5f-2d70b187a1ac, bankId=2c356f80-e576-4d98-8519-b8e72e023bf0, userId=b097a878-3e4c-4037-ba2b-da05c245cb3b, registryDate=2023-10-08, number='20231008-b097a878-3e4c-4037-ba2b-da05c245cb3b', balance=39879.20, state=CREATED}
BankAccount{id=0861bd01-eb64-4b76-8e32-5d16472e6f9f, bankId=17dbf82d-7fd9-4a5c-83f1-e946d609a42c, userId=f0e2bc0c-576e-4dfb-a337-7e00d62eabb9, registryDate=2022-04-21, number='20220421-f0e2bc0c-576e-4dfb-a337-7e00d62eabb9', balance=80179.50, state=CREATED}
BankAccount{id=14b2cb47-4135-40a5-9fa0-f9a7d5ffc422, bankId=f382026a-2acb-45d9-b720-567d3af72935, userId=49f21058-ec06-4200-a399-10b080ba4c66, registryDate=2020-03-14, number='20200314-49f21058-ec06-4200-a399-10b080ba4c66', balance=78966.19, state=CLOSED}
BankAccount{id=c1a9eddf-56fd-4a61-ace1-336cea3c6748, bankId=f15c5d5e-3894-450d-bc39-8b60a5a4b32e, userId=827133e1-a796-4c87-8ec1-836bf8bfe536, registryDate=2020-02-02, number='20200202-827133e1-a796-4c87-8ec1-836bf8bfe536', balance=62770.23, state=ACTIVE}
BankAccount{id=7d25fdce-3d3f-4636-8a6f-fbe668b6bd07, bankId=ed0d6d2f-869b-4f93-a703-6a34e4578a92, userId=8a32c8f9-8d40-4611-a29a-83c92855984d, registryDate=2023-07-18, number='20230718-8a32c8f9-8d40-4611-a29a-83c92855984d', balance=16055.63, state=STOPPED}
BankAccount{id=9e1ddbc8-d88c-415d-88e0-fb1193eda005, bankId=7b3dc27c-7e70-4d85-b6b5-9b85fa3343cc, userId=393e9cc8-ab38-45d4-9f82-08be06163d26, registryDate=2020-01-16, number='20200116-393e9cc8-ab38-45d4-9f82-08be06163d26', balance=76658.53, state=ACTIVE}
BankAccount{id=325852d9-31c0-41ac-af3c-52a053d7919f, bankId=77ff3b5e-2dd4-4d28-b519-40859c40f4f2, userId=90e293a4-f90e-4869-ba9c-7a095fd72069, registryDate=2020-06-22, number='20200622-90e293a4-f90e-4869-ba9c-7a095fd72069', balance=54915.77, state=CREATED}
BankAccount{id=629cf24e-b768-4258-b007-a8dcd79e75c5, bankId=9b6756c7-6e71-46ff-a924-7e4e74e3fa19, userId=90e293a4-f90e-4869-ba9c-7a095fd72069, registryDate=2021-11-09, number='20211109-90e293a4-f90e-4869-ba9c-7a095fd72069', balance=15168.28, state=STOPPED}
BankAccount{id=b519ad49-fa60-4d94-9cb9-8fb7e54e217e, bankId=f8cde45b-c60f-41c5-88a7-13ae9d6db2d8, userId=2efe3922-f69e-42ce-be77-17bea5576dbd, registryDate=2022-12-28, number='20221228-2efe3922-f69e-42ce-be77-17bea5576dbd', balance=22351.24, state=ACTIVE}
BankAccount{id=87b89496-7ed0-4297-9044-ba9c97e72f0b, bankId=f15c5d5e-3894-450d-bc39-8b60a5a4b32e, userId=49f21058-ec06-4200-a399-10b080ba4c66, registryDate=2020-12-23, number='20201223-49f21058-ec06-4200-a399-10b080ba4c66', balance=34151.05, state=CLOSED}
BankAccount{id=d54bfc84-6c52-40b4-84c0-9b941d5918fd, bankId=f382026a-2acb-45d9-b720-567d3af72935, userId=5151f4cb-0ec1-4074-83a1-6ba4e1698856, registryDate=2020-03-26, number='20200326-5151f4cb-0ec1-4074-83a1-6ba4e1698856', balance=18394.95, state=ACTIVE}
BankAccount{id=f50e2d46-3212-475f-906a-3ee1cd24db70, bankId=b9b87f44-bde8-4b1d-8bc3-03f12d24cc63, userId=2e7b4136-1904-427c-8007-bbb4fddf6e8d, registryDate=2024-03-07, number='20240307-2e7b4136-1904-427c-8007-bbb4fddf6e8d', balance=23233.94, state=CREATED}
BankAccount{id=8b86beb4-2a84-4229-8204-e183599b79a2, bankId=9b6756c7-6e71-46ff-a924-7e4e74e3fa19, userId=827133e1-a796-4c87-8ec1-836bf8bfe536, registryDate=2023-07-17, number='20230717-827133e1-a796-4c87-8ec1-836bf8bfe536', balance=1648.55, state=STOPPED}
BankAccount{id=c3d0e8d2-eb74-4b11-8343-3a7eb634afa3, bankId=77ff3b5e-2dd4-4d28-b519-40859c40f4f2, userId=0d4c8710-a291-436c-a398-b7d1fb625059, registryDate=2024-08-13, number='20240813-0d4c8710-a291-436c-a398-b7d1fb625059', balance=82338.70, state=ACTIVE}
BankAccount{id=81cb25e4-f51a-41c7-a3d6-1e7e54a5f30f, bankId=b9b87f44-bde8-4b1d-8bc3-03f12d24cc63, userId=7108b36a-e22e-4416-8dbc-752b7e8d5e65, registryDate=2024-01-18, number='20240118-7108b36a-e22e-4416-8dbc-752b7e8d5e65', balance=33174.69, state=ACTIVE}
BankAccount{id=97d2dd1d-6aea-48cf-a75d-9d48c41eb66e, bankId=5c3825f1-babc-4028-a5c6-61d6758ffb60, userId=376ecfa2-ca1c-4d08-8d90-4c34253cb3f7, registryDate=2022-05-07, number='20220507-376ecfa2-ca1c-4d08-8d90-4c34253cb3f7', balance=44024.13, state=CREATED}
BankAccount{id=d8aa2716-b230-4de2-98b2-c59c0c5e7b4e, bankId=9b6756c7-6e71-46ff-a924-7e4e74e3fa19, userId=b359edc8-00d4-4a7b-86f0-cabb7b3fff89, registryDate=2021-01-07, number='20210107-b359edc8-00d4-4a7b-86f0-cabb7b3fff89', balance=80556.54, state=CLOSED}
BankAccount{id=e61e31ec-bd79-40b6-878b-acec1e04a7da, bankId=17dbf82d-7fd9-4a5c-83f1-e946d609a42c, userId=21f2dbbc-4259-4251-bdd8-b7040538bd11, registryDate=2022-05-17, number='20220517-21f2dbbc-4259-4251-bdd8-b7040538bd11', balance=76560.16, state=ACTIVE}
BankAccount{id=d61fe543-2780-4442-af40-264e6f3a5be3, bankId=ed0d6d2f-869b-4f93-a703-6a34e4578a92, userId=f7ae78bd-0d85-4511-a8b0-9a083b3a3cb1, registryDate=2023-08-21, number='20230821-f7ae78bd-0d85-4511-a8b0-9a083b3a3cb1', balance=59643.94, state=CLOSED}
BankAccount{id=492d13cb-8af8-459d-8739-3f03e0f80229, bankId=5c3825f1-babc-4028-a5c6-61d6758ffb60, userId=0d4c8710-a291-436c-a398-b7d1fb625059, registryDate=2020-12-11, number='20201211-0d4c8710-a291-436c-a398-b7d1fb625059', balance=15643.32, state=CREATED}
BankAccount{id=de2f500a-c335-4bc1-9c5f-635039aa5e81, bankId=9ac627f8-6f6a-4c4b-8183-bd07d6c0b9e6, userId=2e7b4136-1904-427c-8007-bbb4fddf6e8d, registryDate=2024-02-28, number='20240228-2e7b4136-1904-427c-8007-bbb4fddf6e8d', balance=57718.82, state=ACTIVE}
BankAccount{id=41bcb58b-5969-42ec-a6ed-5443fe9c19f1, bankId=9b6756c7-6e71-46ff-a924-7e4e74e3fa19, userId=f7ae78bd-0d85-4511-a8b0-9a083b3a3cb1, registryDate=2022-02-04, number='20220204-f7ae78bd-0d85-4511-a8b0-9a083b3a3cb1', balance=6157.12, state=STOPPED}
BankAccount{id=e65d8471-6b04-4f94-a598-29970857bdf4, bankId=2c356f80-e576-4d98-8519-b8e72e023bf0, userId=a29046e1-8cd3-4cdf-8681-083c5402ccd2, registryDate=2020-06-03, number='20200603-a29046e1-8cd3-4cdf-8681-083c5402ccd2', balance=45668.58, state=STOPPED}
BankAccount{id=27eec30f-ffe7-4e33-89fc-3c0c1110caae, bankId=77ff3b5e-2dd4-4d28-b519-40859c40f4f2, userId=e4e09391-58ea-4dc8-bc39-ddbf5fbf09a4, registryDate=2021-07-12, number='20210712-e4e09391-58ea-4dc8-bc39-ddbf5fbf09a4', balance=36902.50, state=STOPPED}
BankAccount{id=839e77ce-2a58-4e55-8103-682d877b20a3, bankId=ed0d6d2f-869b-4f93-a703-6a34e4578a92, userId=0cad4a17-1c6e-4e5e-bd3a-7e4cd7ccc9d1, registryDate=2021-06-19, number='20210619-0cad4a17-1c6e-4e5e-bd3a-7e4cd7ccc9d1', balance=2293.04, state=CREATED}
BankAccount{id=74592c00-b891-4aba-a605-4ffeb019d669, bankId=f8cde45b-c60f-41c5-88a7-13ae9d6db2d8, userId=8a32c8f9-8d40-4611-a29a-83c92855984d, registryDate=2020-12-21, number='20201221-8a32c8f9-8d40-4611-a29a-83c92855984d', balance=22443.01, state=CLOSED}
BankAccount{id=440919d5-d494-4ccb-8347-ebda64dc727b, bankId=ed0d6d2f-869b-4f93-a703-6a34e4578a92, userId=e944e7bb-85b4-4108-b355-d09f99855e41, registryDate=2024-04-08, number='20240408-e944e7bb-85b4-4108-b355-d09f99855e41', balance=31911.11, state=STOPPED}
BankAccount{id=c0de581d-a0aa-4453-883b-6633d0b22545, bankId=f15c5d5e-3894-450d-bc39-8b60a5a4b32e, userId=7108b36a-e22e-4416-8dbc-752b7e8d5e65, registryDate=2024-01-04, number='20240104-7108b36a-e22e-4416-8dbc-752b7e8d5e65', balance=89485.67, state=ACTIVE}
BankAccount{id=dc11e624-623f-4b56-9e23-65ea4892b0da, bankId=f382026a-2acb-45d9-b720-567d3af72935, userId=07593f6a-14bd-4009-a00b-db54b8681f38, registryDate=2023-03-19, number='20230319-07593f6a-14bd-4009-a00b-db54b8681f38', balance=658.52, state=STOPPED}
BankAccount{id=fa31b7d0-bfc7-4337-9e85-11014f814577, bankId=9ac627f8-6f6a-4c4b-8183-bd07d6c0b9e6, userId=90e293a4-f90e-4869-ba9c-7a095fd72069, registryDate=2023-07-08, number='20230708-90e293a4-f90e-4869-ba9c-7a095fd72069', balance=37404.74, state=CREATED}
BankAccount{id=31dfd7f7-bb93-454d-ada9-0abe8b980385, bankId=3c637348-0cd0-4f56-a569-40ef4ccbb648, userId=f0e2bc0c-576e-4dfb-a337-7e00d62eabb9, registryDate=2020-06-10, number='20200610-f0e2bc0c-576e-4dfb-a337-7e00d62eabb9', balance=39895.40, state=ACTIVE}
BankAccount{id=ff8ffcf5-7dd8-476c-80cd-affe0efb7eec, bankId=17dbf82d-7fd9-4a5c-83f1-e946d609a42c, userId=21f2dbbc-4259-4251-bdd8-b7040538bd11, registryDate=2023-10-04, number='20231004-21f2dbbc-4259-4251-bdd8-b7040538bd11', balance=41672.32, state=ACTIVE}
BankAccount{id=1395e728-362f-4e61-944c-be057f4fabf6, bankId=77ff3b5e-2dd4-4d28-b519-40859c40f4f2, userId=b5fcacf7-98a3-4702-8810-17b7777a54af, registryDate=2020-05-24, number='20200524-b5fcacf7-98a3-4702-8810-17b7777a54af', balance=25445.70, state=ACTIVE}
BankAccount{id=5c244510-2bc4-40f6-81b2-259624ade2f6, bankId=b2a3b28c-df7a-4c49-bfa3-53ff4e0e6a92, userId=5151f4cb-0ec1-4074-83a1-6ba4e1698856, registryDate=2024-09-12, number='20240912-5151f4cb-0ec1-4074-83a1-6ba4e1698856', balance=2208.44, state=CREATED}
BankAccount{id=b7606bcc-1352-43ee-b3d7-0b89784ceeea, bankId=7b3dc27c-7e70-4d85-b6b5-9b85fa3343cc, userId=957e1d70-a53e-4365-a50d-5146df832b58, registryDate=2023-02-01, number='20230201-957e1d70-a53e-4365-a50d-5146df832b58', balance=66011.41, state=CREATED}
BankAccount{id=916326ad-acd7-44d7-9b17-38bde5be4b24, bankId=17dbf82d-7fd9-4a5c-83f1-e946d609a42c, userId=9f1c806a-69bd-43bc-bd61-303f07410c4e, registryDate=2023-05-13, number='20230513-9f1c806a-69bd-43bc-bd61-303f07410c4e', balance=68699.87, state=STOPPED}
BankAccount{id=eed2f1b8-8b96-4dba-9f4e-f13eb4c3e750, bankId=9b6756c7-6e71-46ff-a924-7e4e74e3fa19, userId=376ecfa2-ca1c-4d08-8d90-4c34253cb3f7, registryDate=2021-05-19, number='20210519-376ecfa2-ca1c-4d08-8d90-4c34253cb3f7', balance=77516.40, state=CREATED}
BankAccount{id=5fea7af9-151b-4d88-9393-7f43b2e039f8, bankId=e4be2d13-d837-4893-94d9-83874034586b, userId=07593f6a-14bd-4009-a00b-db54b8681f38, registryDate=2022-03-14, number='20220314-07593f6a-14bd-4009-a00b-db54b8681f38', balance=69161.37, state=ACTIVE}
BankAccount{id=0dee34f0-6199-4c28-b6b4-df0b5812454e, bankId=f382026a-2acb-45d9-b720-567d3af72935, userId=f7ae78bd-0d85-4511-a8b0-9a083b3a3cb1, registryDate=2024-01-31, number='20240131-f7ae78bd-0d85-4511-a8b0-9a083b3a3cb1', balance=40028.93, state=ACTIVE}
BankAccount{id=67be1edc-4fc3-4951-8c04-02e713547b40, bankId=e4be2d13-d837-4893-94d9-83874034586b, userId=f7ae78bd-0d85-4511-a8b0-9a083b3a3cb1, registryDate=2020-07-11, number='20200711-f7ae78bd-0d85-4511-a8b0-9a083b3a3cb1', balance=47225.16, state=CREATED}
BankAccount{id=aa3682de-a535-4537-8dbf-14dc0961efa9, bankId=b2a3b28c-df7a-4c49-bfa3-53ff4e0e6a92, userId=f0e2bc0c-576e-4dfb-a337-7e00d62eabb9, registryDate=2022-03-23, number='20220323-f0e2bc0c-576e-4dfb-a337-7e00d62eabb9', balance=30235.31, state=CREATED}
BankAccount{id=d60f8b8e-9e2f-445c-923b-a06dcbb20b26, bankId=f382026a-2acb-45d9-b720-567d3af72935, userId=07593f6a-14bd-4009-a00b-db54b8681f38, registryDate=2023-12-17, number='20231217-07593f6a-14bd-4009-a00b-db54b8681f38', balance=8886.32, state=CLOSED}
BankAccount{id=db18e1d8-8f36-419c-9774-afe301e6c255, bankId=17dbf82d-7fd9-4a5c-83f1-e946d609a42c, userId=b359edc8-00d4-4a7b-86f0-cabb7b3fff89, registryDate=2020-05-30, number='20200530-b359edc8-00d4-4a7b-86f0-cabb7b3fff89', balance=66296.97, state=STOPPED}
BankAccount{id=47aa74b7-a820-4b35-b088-b2b7f38bc9cf, bankId=77ff3b5e-2dd4-4d28-b519-40859c40f4f2, userId=aace4314-c4e8-4c1b-8a4d-1fcc8bb07077, registryDate=2023-02-18, number='20230218-aace4314-c4e8-4c1b-8a4d-1fcc8bb07077', balance=19562.96, state=ACTIVE}
BankAccount{id=fd800382-dbb3-4035-abde-164cde244d5a, bankId=f8cde45b-c60f-41c5-88a7-13ae9d6db2d8, userId=07593f6a-14bd-4009-a00b-db54b8681f38, registryDate=2021-08-20, number='20210820-07593f6a-14bd-4009-a00b-db54b8681f38', balance=4935.64, state=ACTIVE}
BankAccount{id=73df60dd-ffc9-4a98-ad07-66d93bd31a1b, bankId=77ff3b5e-2dd4-4d28-b519-40859c40f4f2, userId=827133e1-a796-4c87-8ec1-836bf8bfe536, registryDate=2021-08-14, number='20210814-827133e1-a796-4c87-8ec1-836bf8bfe536', balance=39559.25, state=CLOSED}
BankAccount{id=a701b045-2d53-42ab-a90c-1b34d702d001, bankId=9b6756c7-6e71-46ff-a924-7e4e74e3fa19, userId=d50cd767-439b-4ff7-8c8c-8a3dd0a53843, registryDate=2022-02-26, number='20220226-d50cd767-439b-4ff7-8c8c-8a3dd0a53843', balance=51810.69, state=ACTIVE}
BankAccount{id=3c9e79a8-7ff1-43c4-a3a3-d8ee80509b72, bankId=7b3dc27c-7e70-4d85-b6b5-9b85fa3343cc, userId=f7ae78bd-0d85-4511-a8b0-9a083b3a3cb1, registryDate=2020-10-30, number='20201030-f7ae78bd-0d85-4511-a8b0-9a083b3a3cb1', balance=83887.40, state=STOPPED}
BankAccount{id=c51ecd0e-c564-4313-bb6b-0f1b9b92d2aa, bankId=b2a3b28c-df7a-4c49-bfa3-53ff4e0e6a92, userId=07593f6a-14bd-4009-a00b-db54b8681f38, registryDate=2020-12-06, number='20201206-07593f6a-14bd-4009-a00b-db54b8681f38', balance=79743.79, state=ACTIVE}
BankAccount{id=ed3165ef-f5df-42ea-a1d8-a4e65adcbd5b, bankId=77ff3b5e-2dd4-4d28-b519-40859c40f4f2, userId=0d4c8710-a291-436c-a398-b7d1fb625059, registryDate=2021-09-03, number='20210903-0d4c8710-a291-436c-a398-b7d1fb625059', balance=70527.62, state=CREATED}
BankAccount{id=0c044e6c-d703-42e4-a07e-af0204c06bcd, bankId=3c637348-0cd0-4f56-a569-40ef4ccbb648, userId=aace4314-c4e8-4c1b-8a4d-1fcc8bb07077, registryDate=2022-04-29, number='20220429-aace4314-c4e8-4c1b-8a4d-1fcc8bb07077', balance=2737.39, state=ACTIVE}
BankAccount{id=74c73c19-108c-4da1-8493-ae3ca3488574, bankId=9ac627f8-6f6a-4c4b-8183-bd07d6c0b9e6, userId=0cad4a17-1c6e-4e5e-bd3a-7e4cd7ccc9d1, registryDate=2024-02-03, number='20240203-0cad4a17-1c6e-4e5e-bd3a-7e4cd7ccc9d1', balance=2850.56, state=CREATED}
BankAccount{id=a4afcc72-20d8-49ea-b523-42702fd3ebf7, bankId=f8cde45b-c60f-41c5-88a7-13ae9d6db2d8, userId=1a72e1c7-b695-4bfb-bd52-8caaf28a8723, registryDate=2024-08-31, number='20240831-1a72e1c7-b695-4bfb-bd52-8caaf28a8723', balance=54684.81, state=CLOSED}
BankAccount{id=43149f93-24cf-4e6a-be8c-277633b33ee6, bankId=f382026a-2acb-45d9-b720-567d3af72935, userId=07593f6a-14bd-4009-a00b-db54b8681f38, registryDate=2020-10-19, number='20201019-07593f6a-14bd-4009-a00b-db54b8681f38', balance=30784.02, state=CREATED}
BankAccount{id=9f301946-d2a2-4c19-85d0-2650c1cb272e, bankId=f15c5d5e-3894-450d-bc39-8b60a5a4b32e, userId=376ecfa2-ca1c-4d08-8d90-4c34253cb3f7, registryDate=2023-05-17, number='20230517-376ecfa2-ca1c-4d08-8d90-4c34253cb3f7', balance=59351.36, state=CREATED}
BankAccount{id=45cb9109-cef4-4166-b6ee-b2e04231fbb3, bankId=f15c5d5e-3894-450d-bc39-8b60a5a4b32e, userId=14c969c6-8eec-4176-b2fa-32d308e534af, registryDate=2023-07-24, number='20230724-14c969c6-8eec-4176-b2fa-32d308e534af', balance=81783.72, state=STOPPED}
BankAccount{id=e5411b10-ebfc-4ce5-89c0-a5e5ef7942e0, bankId=ed0d6d2f-869b-4f93-a703-6a34e4578a92, userId=7108b36a-e22e-4416-8dbc-752b7e8d5e65, registryDate=2020-07-21, number='20200721-7108b36a-e22e-4416-8dbc-752b7e8d5e65', balance=68865.63, state=CLOSED}
BankAccount{id=d93319bb-539c-46c3-a6ef-9d6ca69a566a, bankId=5c3825f1-babc-4028-a5c6-61d6758ffb60, userId=376ecfa2-ca1c-4d08-8d90-4c34253cb3f7, registryDate=2024-01-12, number='20240112-376ecfa2-ca1c-4d08-8d90-4c34253cb3f7', balance=96912.86, state=ACTIVE}
BankAccount{id=7e5bbf75-0b8b-4c7b-92d4-24af30ab3276, bankId=77ff3b5e-2dd4-4d28-b519-40859c40f4f2, userId=1a72e1c7-b695-4bfb-bd52-8caaf28a8723, registryDate=2021-01-08, number='20210108-1a72e1c7-b695-4bfb-bd52-8caaf28a8723', balance=22519.29, state=ACTIVE}
BankAccount{id=026722e5-15ac-454d-85f9-3cd28ba1874c, bankId=e4be2d13-d837-4893-94d9-83874034586b, userId=e944e7bb-85b4-4108-b355-d09f99855e41, registryDate=2021-10-03, number='20211003-e944e7bb-85b4-4108-b355-d09f99855e41', balance=78928.72, state=STOPPED}
BankAccount{id=55af9373-6a3d-43f7-8e3f-019fbdbd7dd6, bankId=17dbf82d-7fd9-4a5c-83f1-e946d609a42c, userId=90e293a4-f90e-4869-ba9c-7a095fd72069, registryDate=2020-12-28, number='20201228-90e293a4-f90e-4869-ba9c-7a095fd72069', balance=65877.56, state=STOPPED}
BankAccount{id=11a203a2-0232-4c32-a447-0bbd71ac7106, bankId=f382026a-2acb-45d9-b720-567d3af72935, userId=b359edc8-00d4-4a7b-86f0-cabb7b3fff89, registryDate=2022-06-02, number='20220602-b359edc8-00d4-4a7b-86f0-cabb7b3fff89', balance=96855.43, state=CREATED}
BankAccount{id=b97e3842-c3ea-48cb-a4e8-70e786b24174, bankId=b9b87f44-bde8-4b1d-8bc3-03f12d24cc63, userId=8a32c8f9-8d40-4611-a29a-83c92855984d, registryDate=2024-02-19, number='20240219-8a32c8f9-8d40-4611-a29a-83c92855984d', balance=60891.21, state=ACTIVE}
BankAccount{id=e2da5778-928b-45a7-ae80-d35ac7250d20, bankId=b2a3b28c-df7a-4c49-bfa3-53ff4e0e6a92, userId=f0e2bc0c-576e-4dfb-a337-7e00d62eabb9, registryDate=2020-09-10, number='20200910-f0e2bc0c-576e-4dfb-a337-7e00d62eabb9', balance=15823.59, state=STOPPED}
BankAccount{id=c3e8ffcf-1b96-4634-a6f2-cd5fa7ada882, bankId=e4be2d13-d837-4893-94d9-83874034586b, userId=49f21058-ec06-4200-a399-10b080ba4c66, registryDate=2022-12-25, number='20221225-49f21058-ec06-4200-a399-10b080ba4c66', balance=10703.85, state=CREATED}
BankAccount{id=a351625a-505f-48e0-9ed7-8074889ab567, bankId=17dbf82d-7fd9-4a5c-83f1-e946d609a42c, userId=b359edc8-00d4-4a7b-86f0-cabb7b3fff89, registryDate=2024-06-21, number='20240621-b359edc8-00d4-4a7b-86f0-cabb7b3fff89', balance=99078.91, state=CLOSED}
BankAccount{id=8b599f96-67e7-474c-adfe-49c02360b6eb, bankId=f382026a-2acb-45d9-b720-567d3af72935, userId=8a32c8f9-8d40-4611-a29a-83c92855984d, registryDate=2021-12-28, number='20211228-8a32c8f9-8d40-4611-a29a-83c92855984d', balance=60607.60, state=CREATED}
BankAccount{id=dae97337-4147-42f7-b395-f53d12ec16a0, bankId=f8cde45b-c60f-41c5-88a7-13ae9d6db2d8, userId=2efe3922-f69e-42ce-be77-17bea5576dbd, registryDate=2023-07-04, number='20230704-2efe3922-f69e-42ce-be77-17bea5576dbd', balance=14535.77, state=STOPPED}
BankAccount{id=fab69bc6-4aac-47ae-9d6e-86f5d2c22b55, bankId=f8cde45b-c60f-41c5-88a7-13ae9d6db2d8, userId=b5fcacf7-98a3-4702-8810-17b7777a54af, registryDate=2021-11-28, number='20211128-b5fcacf7-98a3-4702-8810-17b7777a54af', balance=17125.09, state=CREATED}
BankAccount{id=dd999741-6106-4ba5-8764-7ebf8d912483, bankId=ed0d6d2f-869b-4f93-a703-6a34e4578a92, userId=b097a878-3e4c-4037-ba2b-da05c245cb3b, registryDate=2021-07-06, number='20210706-b097a878-3e4c-4037-ba2b-da05c245cb3b', balance=71062.45, state=STOPPED}
BankAccount{id=5abd6608-a11d-4daa-8270-243fce1bad08, bankId=b9b87f44-bde8-4b1d-8bc3-03f12d24cc63, userId=a0f8e328-4ec8-42d1-adcc-bb312f0a7c00, registryDate=2022-09-14, number='20220914-a0f8e328-4ec8-42d1-adcc-bb312f0a7c00', balance=68837.74, state=CLOSED}
BankAccount{id=fe7e85b3-a6a4-4d0d-af5d-4ceb283f8c74, bankId=17dbf82d-7fd9-4a5c-83f1-e946d609a42c, userId=b5fcacf7-98a3-4702-8810-17b7777a54af, registryDate=2024-09-05, number='20240905-b5fcacf7-98a3-4702-8810-17b7777a54af', balance=12602.89, state=STOPPED}
BankAccount{id=2d703557-7960-43e3-ac09-0ed2dfd409b5, bankId=9ac627f8-6f6a-4c4b-8183-bd07d6c0b9e6, userId=393e9cc8-ab38-45d4-9f82-08be06163d26, registryDate=2023-07-25, number='20230725-393e9cc8-ab38-45d4-9f82-08be06163d26', balance=55261.74, state=CREATED}
BankAccount{id=6042fd8a-49f6-45cc-8cd5-ddf719b9c316, bankId=f382026a-2acb-45d9-b720-567d3af72935, userId=f0e2bc0c-576e-4dfb-a337-7e00d62eabb9, registryDate=2021-07-08, number='20210708-f0e2bc0c-576e-4dfb-a337-7e00d62eabb9', balance=72117.72, state=STOPPED}
BankAccount{id=63211c5d-fc93-4cb2-b793-ebb723b72b29, bankId=b2a3b28c-df7a-4c49-bfa3-53ff4e0e6a92, userId=a0f8e328-4ec8-42d1-adcc-bb312f0a7c00, registryDate=2024-01-21, number='20240121-a0f8e328-4ec8-42d1-adcc-bb312f0a7c00', balance=18177.06, state=ACTIVE}
BankAccount{id=1c5d0ad9-b5eb-42f6-b2f2-df8c0187ffb0, bankId=9b6756c7-6e71-46ff-a924-7e4e74e3fa19, userId=376ecfa2-ca1c-4d08-8d90-4c34253cb3f7, registryDate=2023-06-18, number='20230618-376ecfa2-ca1c-4d08-8d90-4c34253cb3f7', balance=59807.16, state=CLOSED}
BankAccount{id=e26a1f53-72e4-46c1-849f-560b6be1648c, bankId=b9b87f44-bde8-4b1d-8bc3-03f12d24cc63, userId=376ecfa2-ca1c-4d08-8d90-4c34253cb3f7, registryDate=2023-05-06, number='20230506-376ecfa2-ca1c-4d08-8d90-4c34253cb3f7', balance=642.38, state=STOPPED}
BankAccount{id=e115e6ac-035a-4add-abb6-3c63bc921921, bankId=b9b87f44-bde8-4b1d-8bc3-03f12d24cc63, userId=2e7b4136-1904-427c-8007-bbb4fddf6e8d, registryDate=2020-07-07, number='20200707-2e7b4136-1904-427c-8007-bbb4fddf6e8d', balance=55528.58, state=CREATED}
BankAccount{id=6a1e7791-3967-4d19-9b70-9a82dbe20ac1, bankId=7b3dc27c-7e70-4d85-b6b5-9b85fa3343cc, userId=de356cf1-e54c-4995-98a9-244412e4a974, registryDate=2021-03-06, number='20210306-de356cf1-e54c-4995-98a9-244412e4a974', balance=12152.73, state=ACTIVE}
BankAccount{id=6e3b2e6c-6a14-405b-80d5-cda9ca27bc30, bankId=9b6756c7-6e71-46ff-a924-7e4e74e3fa19, userId=21f2dbbc-4259-4251-bdd8-b7040538bd11, registryDate=2022-03-26, number='20220326-21f2dbbc-4259-4251-bdd8-b7040538bd11', balance=94470.09, state=ACTIVE}
BankAccount{id=a19bc46c-5508-4c69-abb3-86748ea95694, bankId=2c356f80-e576-4d98-8519-b8e72e023bf0, userId=56652869-3d0c-4853-9f41-324f9c8aa2dd, registryDate=2024-05-09, number='20240509-56652869-3d0c-4853-9f41-324f9c8aa2dd', balance=47168.11, state=CREATED}
BankAccount{id=4db11e14-5d37-4d57-8652-a6379298b8f6, bankId=9ac627f8-6f6a-4c4b-8183-bd07d6c0b9e6, userId=f0e2bc0c-576e-4dfb-a337-7e00d62eabb9, registryDate=2023-06-01, number='20230601-f0e2bc0c-576e-4dfb-a337-7e00d62eabb9', balance=94440.99, state=STOPPED}
BankAccount{id=af784bf4-06a5-4aa2-9f9a-f6e6957fb354, bankId=3c637348-0cd0-4f56-a569-40ef4ccbb648, userId=de356cf1-e54c-4995-98a9-244412e4a974, registryDate=2023-10-10, number='20231010-de356cf1-e54c-4995-98a9-244412e4a974', balance=66254.55, state=CREATED}
BankAccount{id=d18c128a-d3a5-4037-8689-a083c59c05c3, bankId=e4be2d13-d837-4893-94d9-83874034586b, userId=21f2dbbc-4259-4251-bdd8-b7040538bd11, registryDate=2022-08-13, number='20220813-21f2dbbc-4259-4251-bdd8-b7040538bd11', balance=41780.85, state=STOPPED}
BankAccount{id=38b2576d-f505-4b30-9e71-96dfbdb7a6b2, bankId=f8cde45b-c60f-41c5-88a7-13ae9d6db2d8, userId=827133e1-a796-4c87-8ec1-836bf8bfe536, registryDate=2020-07-28, number='20200728-827133e1-a796-4c87-8ec1-836bf8bfe536', balance=82934.14, state=CREATED}
BankAccount{id=20f5fe23-e8ce-4454-b9c2-d6beeadd9ea1, bankId=2c356f80-e576-4d98-8519-b8e72e023bf0, userId=56652869-3d0c-4853-9f41-324f9c8aa2dd, registryDate=2023-06-05, number='20230605-56652869-3d0c-4853-9f41-324f9c8aa2dd', balance=40136.74, state=ACTIVE}
BankAccount{id=22da55c5-7256-4a1f-a0cb-7c800a3cddc1, bankId=5c3825f1-babc-4028-a5c6-61d6758ffb60, userId=0dedb12f-9959-49e2-9ef0-52571b93e7cd, registryDate=2021-03-30, number='20210330-0dedb12f-9959-49e2-9ef0-52571b93e7cd', balance=45986.28, state=STOPPED}
BankAccount{id=c7eecf68-2409-4f61-8909-7684c886cf9a, bankId=9ac627f8-6f6a-4c4b-8183-bd07d6c0b9e6, userId=7108b36a-e22e-4416-8dbc-752b7e8d5e65, registryDate=2020-03-04, number='20200304-7108b36a-e22e-4416-8dbc-752b7e8d5e65', balance=27719.79, state=CREATED}
BankAccount{id=bcf63b7a-738d-4d9e-b0e6-4d3e44dbbda8, bankId=5c3825f1-babc-4028-a5c6-61d6758ffb60, userId=65ef8d69-ec98-43a7-8348-5b55b368efc7, registryDate=2024-01-31, number='20240131-65ef8d69-ec98-43a7-8348-5b55b368efc7', balance=10942.67, state=CLOSED}
BankAccount{id=35d75aba-a9cd-4a49-9640-c9b5d59183cb, bankId=5c3825f1-babc-4028-a5c6-61d6758ffb60, userId=0dedb12f-9959-49e2-9ef0-52571b93e7cd, registryDate=2020-09-01, number='20200901-0dedb12f-9959-49e2-9ef0-52571b93e7cd', balance=19281.69, state=CLOSED}
BankAccount{id=628f6c05-8aa2-4ca8-91cf-ccf5b53eff90, bankId=b2a3b28c-df7a-4c49-bfa3-53ff4e0e6a92, userId=aace4314-c4e8-4c1b-8a4d-1fcc8bb07077, registryDate=2023-03-21, number='20230321-aace4314-c4e8-4c1b-8a4d-1fcc8bb07077', balance=24831.09, state=CLOSED}
BankAccount{id=53720964-440a-4804-8761-0b864682c0c2, bankId=f8cde45b-c60f-41c5-88a7-13ae9d6db2d8, userId=aace4314-c4e8-4c1b-8a4d-1fcc8bb07077, registryDate=2024-02-22, number='20240222-aace4314-c4e8-4c1b-8a4d-1fcc8bb07077', balance=79656.19, state=CLOSED}
BankAccount{id=390270d4-e285-4594-b5c6-7a0a80256785, bankId=ed0d6d2f-869b-4f93-a703-6a34e4578a92, userId=0d4c8710-a291-436c-a398-b7d1fb625059, registryDate=2020-09-06, number='20200906-0d4c8710-a291-436c-a398-b7d1fb625059', balance=21551.67, state=CLOSED}
BankAccount{id=5a151de0-2c60-40b2-9eb3-0c88ef3d10a4, bankId=77ff3b5e-2dd4-4d28-b519-40859c40f4f2, userId=5151f4cb-0ec1-4074-83a1-6ba4e1698856, registryDate=2022-04-25, number='20220425-5151f4cb-0ec1-4074-83a1-6ba4e1698856', balance=30970.14, state=CREATED}
BankAccount{id=bc5e41b5-370f-4375-b02b-52eda7f2f38b, bankId=ed0d6d2f-869b-4f93-a703-6a34e4578a92, userId=0dedb12f-9959-49e2-9ef0-52571b93e7cd, registryDate=2024-08-05, number='20240805-0dedb12f-9959-49e2-9ef0-52571b93e7cd', balance=22544.75, state=CLOSED}
BankAccount{id=e07658ec-e545-4370-9632-0b6788081648, bankId=9ac627f8-6f6a-4c4b-8183-bd07d6c0b9e6, userId=49f21058-ec06-4200-a399-10b080ba4c66, registryDate=2024-06-16, number='20240616-49f21058-ec06-4200-a399-10b080ba4c66', balance=97828.65, state=ACTIVE}
BankAccount{id=1fcf6bad-7dc8-402e-a46f-296b231e2586, bankId=2c356f80-e576-4d98-8519-b8e72e023bf0, userId=aace4314-c4e8-4c1b-8a4d-1fcc8bb07077, registryDate=2022-11-19, number='20221119-aace4314-c4e8-4c1b-8a4d-1fcc8bb07077', balance=70248.74, state=ACTIVE}
BankAccount{id=63038f4f-85b3-42b6-9a6b-7de8e72bb8bd, bankId=ed0d6d2f-869b-4f93-a703-6a34e4578a92, userId=5151f4cb-0ec1-4074-83a1-6ba4e1698856, registryDate=2021-05-08, number='20210508-5151f4cb-0ec1-4074-83a1-6ba4e1698856', balance=6377.56, state=CLOSED}
BankAccount{id=063c9c47-f56b-4fb3-8e34-a8271a0749d1, bankId=77ff3b5e-2dd4-4d28-b519-40859c40f4f2, userId=0cad4a17-1c6e-4e5e-bd3a-7e4cd7ccc9d1, registryDate=2023-07-02, number='20230702-0cad4a17-1c6e-4e5e-bd3a-7e4cd7ccc9d1', balance=47730.78, state=ACTIVE}
BankAccount{id=c5968337-7d01-4a00-964c-fe92062bb972, bankId=f15c5d5e-3894-450d-bc39-8b60a5a4b32e, userId=56652869-3d0c-4853-9f41-324f9c8aa2dd, registryDate=2020-12-21, number='20201221-56652869-3d0c-4853-9f41-324f9c8aa2dd', balance=38802.41, state=ACTIVE}
BankAccount{id=597b448b-36e3-4f4f-ae8d-6e5791e57239, bankId=e4be2d13-d837-4893-94d9-83874034586b, userId=21f2dbbc-4259-4251-bdd8-b7040538bd11, registryDate=2024-06-22, number='20240622-21f2dbbc-4259-4251-bdd8-b7040538bd11', balance=32294.06, state=ACTIVE}
BankAccount{id=ad8dfbef-a892-44b0-b273-4b06cfd35f6d, bankId=2c356f80-e576-4d98-8519-b8e72e023bf0, userId=de356cf1-e54c-4995-98a9-244412e4a974, registryDate=2021-03-26, number='20210326-de356cf1-e54c-4995-98a9-244412e4a974', balance=33466.50, state=ACTIVE}
BankAccount{id=c17147e5-17d5-4009-b98a-bb0b410726bf, bankId=2c356f80-e576-4d98-8519-b8e72e023bf0, userId=393e9cc8-ab38-45d4-9f82-08be06163d26, registryDate=2022-07-14, number='20220714-393e9cc8-ab38-45d4-9f82-08be06163d26', balance=50869.60, state=STOPPED}
BankAccount{id=16143175-9315-491e-8734-64a09f904e58, bankId=f15c5d5e-3894-450d-bc39-8b60a5a4b32e, userId=1a72e1c7-b695-4bfb-bd52-8caaf28a8723, registryDate=2022-03-05, number='20220305-1a72e1c7-b695-4bfb-bd52-8caaf28a8723', balance=42355.31, state=CREATED}
BankAccount{id=4d317a44-74ec-4e69-89b3-69a0e8026fc6, bankId=b2a3b28c-df7a-4c49-bfa3-53ff4e0e6a92, userId=e4e09391-58ea-4dc8-bc39-ddbf5fbf09a4, registryDate=2022-04-02, number='20220402-e4e09391-58ea-4dc8-bc39-ddbf5fbf09a4', balance=8356.26, state=CLOSED}
BankAccount{id=e1e53ef3-a7c7-4b21-8f02-4cfd131acab7, bankId=b2a3b28c-df7a-4c49-bfa3-53ff4e0e6a92, userId=e944e7bb-85b4-4108-b355-d09f99855e41, registryDate=2022-03-23, number='20220323-e944e7bb-85b4-4108-b355-d09f99855e41', balance=13289.23, state=ACTIVE}
BankAccount{id=8f0d873e-841e-4773-a86b-36067c55374b, bankId=7b3dc27c-7e70-4d85-b6b5-9b85fa3343cc, userId=aace4314-c4e8-4c1b-8a4d-1fcc8bb07077, registryDate=2024-02-28, number='20240228-aace4314-c4e8-4c1b-8a4d-1fcc8bb07077', balance=50941.61, state=CREATED}
BankAccount{id=385401af-7e11-40af-97ba-438192a1d449, bankId=77ff3b5e-2dd4-4d28-b519-40859c40f4f2, userId=0dedb12f-9959-49e2-9ef0-52571b93e7cd, registryDate=2022-06-06, number='20220606-0dedb12f-9959-49e2-9ef0-52571b93e7cd', balance=96690.15, state=CLOSED}
BankAccount{id=d75a314d-e491-41d4-ad59-15758a1c8a9d, bankId=b9b87f44-bde8-4b1d-8bc3-03f12d24cc63, userId=f7ae78bd-0d85-4511-a8b0-9a083b3a3cb1, registryDate=2022-12-22, number='20221222-f7ae78bd-0d85-4511-a8b0-9a083b3a3cb1', balance=86594.29, state=ACTIVE}
BankAccount{id=724d6d6c-1a12-41e4-b13c-756608034a33, bankId=f15c5d5e-3894-450d-bc39-8b60a5a4b32e, userId=e4e09391-58ea-4dc8-bc39-ddbf5fbf09a4, registryDate=2023-06-08, number='20230608-e4e09391-58ea-4dc8-bc39-ddbf5fbf09a4', balance=34681.67, state=CREATED}
BankAccount{id=a0066721-6096-4991-89cd-f82a7068281f, bankId=f382026a-2acb-45d9-b720-567d3af72935, userId=aace4314-c4e8-4c1b-8a4d-1fcc8bb07077, registryDate=2020-12-31, number='20201231-aace4314-c4e8-4c1b-8a4d-1fcc8bb07077', balance=56275.79, state=ACTIVE}
BankAccount{id=40acca67-96ac-4dd2-b684-fda346f80fc2, bankId=e4be2d13-d837-4893-94d9-83874034586b, userId=e4e09391-58ea-4dc8-bc39-ddbf5fbf09a4, registryDate=2020-12-10, number='20201210-e4e09391-58ea-4dc8-bc39-ddbf5fbf09a4', balance=49102.98, state=STOPPED}
BankAccount{id=25612244-fbd8-440d-814b-8a0f5124e770, bankId=5c3825f1-babc-4028-a5c6-61d6758ffb60, userId=0dedb12f-9959-49e2-9ef0-52571b93e7cd, registryDate=2022-03-20, number='20220320-0dedb12f-9959-49e2-9ef0-52571b93e7cd', balance=6245.44, state=ACTIVE}
BankAccount{id=0bbd887c-c58f-4176-afa4-94fe06302126, bankId=9b6756c7-6e71-46ff-a924-7e4e74e3fa19, userId=49f21058-ec06-4200-a399-10b080ba4c66, registryDate=2022-02-16, number='20220216-49f21058-ec06-4200-a399-10b080ba4c66', balance=22446.42, state=STOPPED}
BankAccount{id=ecfeeb1a-f7d7-478e-8bff-d1faa5617ac1, bankId=2c356f80-e576-4d98-8519-b8e72e023bf0, userId=56652869-3d0c-4853-9f41-324f9c8aa2dd, registryDate=2020-05-04, number='20200504-56652869-3d0c-4853-9f41-324f9c8aa2dd', balance=22251.67, state=STOPPED}
BankAccount{id=41ccc789-99d2-4407-ab3a-df1aef6580a0, bankId=9b6756c7-6e71-46ff-a924-7e4e74e3fa19, userId=56652869-3d0c-4853-9f41-324f9c8aa2dd, registryDate=2023-08-23, number='20230823-56652869-3d0c-4853-9f41-324f9c8aa2dd', balance=69862.92, state=CREATED}
BankAccount{id=de13365b-9408-48b8-9ad8-dfe859fb216b, bankId=e4be2d13-d837-4893-94d9-83874034586b, userId=9f1c806a-69bd-43bc-bd61-303f07410c4e, registryDate=2022-04-23, number='20220423-9f1c806a-69bd-43bc-bd61-303f07410c4e', balance=14451.68, state=CREATED}
BankAccount{id=8c80b794-ea33-4120-9b6a-0d4ac5a376b2, bankId=2c356f80-e576-4d98-8519-b8e72e023bf0, userId=65ef8d69-ec98-43a7-8348-5b55b368efc7, registryDate=2023-05-03, number='20230503-65ef8d69-ec98-43a7-8348-5b55b368efc7', balance=2360.17, state=STOPPED}
BankAccount{id=0ce6558f-174b-4cb0-ae32-302af874ee4e, bankId=77ff3b5e-2dd4-4d28-b519-40859c40f4f2, userId=2e7b4136-1904-427c-8007-bbb4fddf6e8d, registryDate=2020-07-10, number='20200710-2e7b4136-1904-427c-8007-bbb4fddf6e8d', balance=7154.76, state=CREATED}
BankAccount{id=42d78036-2712-4218-8340-b6cdd720ab57, bankId=9b6756c7-6e71-46ff-a924-7e4e74e3fa19, userId=14c969c6-8eec-4176-b2fa-32d308e534af, registryDate=2021-01-12, number='20210112-14c969c6-8eec-4176-b2fa-32d308e534af', balance=53630.58, state=ACTIVE}
BankAccount{id=dfb6e926-e4ce-4f45-9cea-4453190795df, bankId=5c3825f1-babc-4028-a5c6-61d6758ffb60, userId=8a32c8f9-8d40-4611-a29a-83c92855984d, registryDate=2022-02-11, number='20220211-8a32c8f9-8d40-4611-a29a-83c92855984d', balance=63724.45, state=CREATED}
BankAccount{id=e7dc23ec-0604-42fa-89ff-5d2f3e3d23d7, bankId=b9b87f44-bde8-4b1d-8bc3-03f12d24cc63, userId=71f3bf9a-ff2c-408d-a847-86655d19573c, registryDate=2021-12-07, number='20211207-71f3bf9a-ff2c-408d-a847-86655d19573c', balance=81370.46, state=STOPPED}
BankAccount{id=1c4ce847-8ca0-4888-94ca-2dfa1782ad5c, bankId=5c3825f1-babc-4028-a5c6-61d6758ffb60, userId=b097a878-3e4c-4037-ba2b-da05c245cb3b, registryDate=2022-08-11, number='20220811-b097a878-3e4c-4037-ba2b-da05c245cb3b', balance=60301.42, state=STOPPED}
BankAccount{id=9ff1aa56-2da3-4299-a320-8fab7cf43a33, bankId=9b6756c7-6e71-46ff-a924-7e4e74e3fa19, userId=d50cd767-439b-4ff7-8c8c-8a3dd0a53843, registryDate=2024-06-26, number='20240626-d50cd767-439b-4ff7-8c8c-8a3dd0a53843', balance=98057.50, state=CLOSED}
BankAccount{id=b64e9324-be81-476d-814b-a4e30b9514a6, bankId=f382026a-2acb-45d9-b720-567d3af72935, userId=a0f8e328-4ec8-42d1-adcc-bb312f0a7c00, registryDate=2022-11-05, number='20221105-a0f8e328-4ec8-42d1-adcc-bb312f0a7c00', balance=44673.52, state=CREATED}
BankAccount{id=a77a159d-989b-44f5-9a2b-72c8e75de35f, bankId=2c356f80-e576-4d98-8519-b8e72e023bf0, userId=56652869-3d0c-4853-9f41-324f9c8aa2dd, registryDate=2022-04-02, number='20220402-56652869-3d0c-4853-9f41-324f9c8aa2dd', balance=79185.39, state=STOPPED}
BankAccount{id=b3079840-a04b-4e3b-b328-e4b98d55302b, bankId=7b3dc27c-7e70-4d85-b6b5-9b85fa3343cc, userId=f7ae78bd-0d85-4511-a8b0-9a083b3a3cb1, registryDate=2021-01-16, number='20210116-f7ae78bd-0d85-4511-a8b0-9a083b3a3cb1', balance=11865.02, state=STOPPED}
BankAccount{id=efc48115-d3b3-469a-911b-f9b1e0e2dfaa, bankId=f8cde45b-c60f-41c5-88a7-13ae9d6db2d8, userId=9f1c806a-69bd-43bc-bd61-303f07410c4e, registryDate=2020-04-10, number='20200410-9f1c806a-69bd-43bc-bd61-303f07410c4e', balance=9752.89, state=CLOSED}
BankAccount{id=6131b098-14d4-4f82-abe4-6041b3381b16, bankId=9b6756c7-6e71-46ff-a924-7e4e74e3fa19, userId=de356cf1-e54c-4995-98a9-244412e4a974, registryDate=2020-11-03, number='20201103-de356cf1-e54c-4995-98a9-244412e4a974', balance=30011.44, state=STOPPED}
BankAccount{id=d4c00faa-9274-4642-a7c5-4d40b9f13389, bankId=17dbf82d-7fd9-4a5c-83f1-e946d609a42c, userId=f7ae78bd-0d85-4511-a8b0-9a083b3a3cb1, registryDate=2020-05-12, number='20200512-f7ae78bd-0d85-4511-a8b0-9a083b3a3cb1', balance=41677.14, state=ACTIVE}
BankAccount{id=042c8d7e-e423-454e-bb6a-ee91b54739fc, bankId=ed0d6d2f-869b-4f93-a703-6a34e4578a92, userId=7108b36a-e22e-4416-8dbc-752b7e8d5e65, registryDate=2020-09-19, number='20200919-7108b36a-e22e-4416-8dbc-752b7e8d5e65', balance=75221.90, state=STOPPED}
BankAccount{id=11c13314-0176-451b-a5a6-1f5face97b8c, bankId=9b6756c7-6e71-46ff-a924-7e4e74e3fa19, userId=49f21058-ec06-4200-a399-10b080ba4c66, registryDate=2023-09-25, number='20230925-49f21058-ec06-4200-a399-10b080ba4c66', balance=91056.76, state=CLOSED}
BankAccount{id=cc1801d6-0853-4a03-80c8-bfab774c247c, bankId=f382026a-2acb-45d9-b720-567d3af72935, userId=f7ae78bd-0d85-4511-a8b0-9a083b3a3cb1, registryDate=2020-09-04, number='20200904-f7ae78bd-0d85-4511-a8b0-9a083b3a3cb1', balance=55455.22, state=CREATED}
BankAccount{id=837e0372-59d6-4cbb-bed6-db1aa016e58e, bankId=e4be2d13-d837-4893-94d9-83874034586b, userId=de356cf1-e54c-4995-98a9-244412e4a974, registryDate=2024-08-15, number='20240815-de356cf1-e54c-4995-98a9-244412e4a974', balance=69938.49, state=ACTIVE}
BankAccount{id=d5f99e28-7a23-488c-9c86-674f4f8cce0a, bankId=2c356f80-e576-4d98-8519-b8e72e023bf0, userId=56652869-3d0c-4853-9f41-324f9c8aa2dd, registryDate=2023-04-16, number='20230416-56652869-3d0c-4853-9f41-324f9c8aa2dd', balance=26294.05, state=ACTIVE}
BankAccount{id=93657acb-17ad-4c54-9140-b0599a2c059a, bankId=f15c5d5e-3894-450d-bc39-8b60a5a4b32e, userId=14c969c6-8eec-4176-b2fa-32d308e534af, registryDate=2022-01-03, number='20220103-14c969c6-8eec-4176-b2fa-32d308e534af', balance=20744.77, state=CLOSED}
BankAccount{id=e1e7375a-7f0f-4ec3-ac6b-727208147861, bankId=2c356f80-e576-4d98-8519-b8e72e023bf0, userId=f7ae78bd-0d85-4511-a8b0-9a083b3a3cb1, registryDate=2021-02-21, number='20210221-f7ae78bd-0d85-4511-a8b0-9a083b3a3cb1', balance=2649.13, state=CREATED}
BankAccount{id=3a407d9a-39ad-4eda-8dd4-1d6059754bca, bankId=f8cde45b-c60f-41c5-88a7-13ae9d6db2d8, userId=0d4c8710-a291-436c-a398-b7d1fb625059, registryDate=2021-12-04, number='20211204-0d4c8710-a291-436c-a398-b7d1fb625059', balance=39768.59, state=STOPPED}
BankAccount{id=ca15e1f6-1c94-48bb-a0a9-0307042423bb, bankId=f382026a-2acb-45d9-b720-567d3af72935, userId=49f21058-ec06-4200-a399-10b080ba4c66, registryDate=2021-06-11, number='20210611-49f21058-ec06-4200-a399-10b080ba4c66', balance=20266.26, state=STOPPED}
BankAccount{id=6f8e9383-574e-4a1f-ae66-4d168356f12e, bankId=f15c5d5e-3894-450d-bc39-8b60a5a4b32e, userId=b097a878-3e4c-4037-ba2b-da05c245cb3b, registryDate=2024-10-06, number='20241006-b097a878-3e4c-4037-ba2b-da05c245cb3b', balance=7592.23, state=CREATED}
BankAccount{id=5c3e6436-80e6-483b-9394-9d1e52711683, bankId=9b6756c7-6e71-46ff-a924-7e4e74e3fa19, userId=827133e1-a796-4c87-8ec1-836bf8bfe536, registryDate=2022-11-19, number='20221119-827133e1-a796-4c87-8ec1-836bf8bfe536', balance=98716.25, state=CREATED}
BankAccount{id=f5e39ccb-81b6-4a50-8db2-e1755e5cf804, bankId=9b6756c7-6e71-46ff-a924-7e4e74e3fa19, userId=b5fcacf7-98a3-4702-8810-17b7777a54af, registryDate=2021-09-10, number='20210910-b5fcacf7-98a3-4702-8810-17b7777a54af', balance=61194.63, state=STOPPED}
BankAccount{id=e949f7d8-b611-486d-945c-55df8da4c8f2, bankId=e4be2d13-d837-4893-94d9-83874034586b, userId=f7ae78bd-0d85-4511-a8b0-9a083b3a3cb1, registryDate=2024-05-24, number='20240524-f7ae78bd-0d85-4511-a8b0-9a083b3a3cb1', balance=42117.33, state=ACTIVE}
BankAccount{id=fda493f6-981d-41dc-880d-8c3daeac0607, bankId=17dbf82d-7fd9-4a5c-83f1-e946d609a42c, userId=2e7b4136-1904-427c-8007-bbb4fddf6e8d, registryDate=2024-07-20, number='20240720-2e7b4136-1904-427c-8007-bbb4fddf6e8d', balance=54592.03, state=CREATED}
BankAccount{id=8c5e7b3a-9bf8-4d77-8228-21c7e9c07000, bankId=9b6756c7-6e71-46ff-a924-7e4e74e3fa19, userId=f7ae78bd-0d85-4511-a8b0-9a083b3a3cb1, registryDate=2023-08-01, number='20230801-f7ae78bd-0d85-4511-a8b0-9a083b3a3cb1', balance=49499.74, state=CLOSED}
BankAccount{id=aa61079e-8746-41ce-9c6c-3bb39226c914, bankId=17dbf82d-7fd9-4a5c-83f1-e946d609a42c, userId=b097a878-3e4c-4037-ba2b-da05c245cb3b, registryDate=2020-06-12, number='20200612-b097a878-3e4c-4037-ba2b-da05c245cb3b', balance=23366.44, state=STOPPED}
BankAccount{id=0cdaca99-5521-4a37-848e-7c6547c457f0, bankId=b2a3b28c-df7a-4c49-bfa3-53ff4e0e6a92, userId=0cad4a17-1c6e-4e5e-bd3a-7e4cd7ccc9d1, registryDate=2022-04-20, number='20220420-0cad4a17-1c6e-4e5e-bd3a-7e4cd7ccc9d1', balance=95491.56, state=CLOSED}
BankAccount{id=8e4d9a76-b861-49fc-a081-c235f7129f86, bankId=9ac627f8-6f6a-4c4b-8183-bd07d6c0b9e6, userId=5151f4cb-0ec1-4074-83a1-6ba4e1698856, registryDate=2021-05-17, number='20210517-5151f4cb-0ec1-4074-83a1-6ba4e1698856', balance=88099.13, state=CREATED}
BankAccount{id=dc5af675-20f1-407c-9796-09146e1a6fb0, bankId=f8cde45b-c60f-41c5-88a7-13ae9d6db2d8, userId=90e293a4-f90e-4869-ba9c-7a095fd72069, registryDate=2023-08-23, number='20230823-90e293a4-f90e-4869-ba9c-7a095fd72069', balance=337.83, state=CLOSED}
BankAccount{id=257b56b9-2dbf-4661-bb8e-250ea7de8c37, bankId=ed0d6d2f-869b-4f93-a703-6a34e4578a92, userId=a29046e1-8cd3-4cdf-8681-083c5402ccd2, registryDate=2022-04-26, number='20220426-a29046e1-8cd3-4cdf-8681-083c5402ccd2', balance=69132.28, state=STOPPED}
BankAccount{id=625a8bb8-e010-40dc-8bf7-e65fca0ffdb0, bankId=9b6756c7-6e71-46ff-a924-7e4e74e3fa19, userId=b359edc8-00d4-4a7b-86f0-cabb7b3fff89, registryDate=2022-04-29, number='20220429-b359edc8-00d4-4a7b-86f0-cabb7b3fff89', balance=65761.52, state=ACTIVE}
BankAccount{id=baf463c9-3d0e-4584-813e-e27688c7bd47, bankId=3c637348-0cd0-4f56-a569-40ef4ccbb648, userId=0dedb12f-9959-49e2-9ef0-52571b93e7cd, registryDate=2022-09-01, number='20220901-0dedb12f-9959-49e2-9ef0-52571b93e7cd', balance=5284.19, state=ACTIVE}
BankAccount{id=d1d151d9-0eba-48c3-86d9-c032a2d91c3d, bankId=7b3dc27c-7e70-4d85-b6b5-9b85fa3343cc, userId=f0e2bc0c-576e-4dfb-a337-7e00d62eabb9, registryDate=2020-05-21, number='20200521-f0e2bc0c-576e-4dfb-a337-7e00d62eabb9', balance=80509.96, state=ACTIVE}
BankAccount{id=ce48ad8a-bc8a-4f2f-beba-ee081410c4a4, bankId=e4be2d13-d837-4893-94d9-83874034586b, userId=2efe3922-f69e-42ce-be77-17bea5576dbd, registryDate=2020-12-14, number='20201214-2efe3922-f69e-42ce-be77-17bea5576dbd', balance=55850.90, state=STOPPED}
BankAccount{id=be179ddf-7da1-41f3-9ffe-0aa9e58d744e, bankId=f8cde45b-c60f-41c5-88a7-13ae9d6db2d8, userId=e4e09391-58ea-4dc8-bc39-ddbf5fbf09a4, registryDate=2021-10-23, number='20211023-e4e09391-58ea-4dc8-bc39-ddbf5fbf09a4', balance=41409.70, state=STOPPED}
BankAccount{id=e81e1347-7b71-4cb0-bc2e-a1b9db8200ea, bankId=77ff3b5e-2dd4-4d28-b519-40859c40f4f2, userId=e4e09391-58ea-4dc8-bc39-ddbf5fbf09a4, registryDate=2024-07-08, number='20240708-e4e09391-58ea-4dc8-bc39-ddbf5fbf09a4', balance=89294.30, state=CREATED}
BankAccount{id=eec14642-b01f-4c76-8ef0-eff065bcf1df, bankId=f8cde45b-c60f-41c5-88a7-13ae9d6db2d8, userId=a29046e1-8cd3-4cdf-8681-083c5402ccd2, registryDate=2023-09-08, number='20230908-a29046e1-8cd3-4cdf-8681-083c5402ccd2', balance=14403.10, state=CLOSED}
BankAccount{id=5b12c808-9166-4564-8b22-b1618ec0f766, bankId=9ac627f8-6f6a-4c4b-8183-bd07d6c0b9e6, userId=f0e2bc0c-576e-4dfb-a337-7e00d62eabb9, registryDate=2021-01-17, number='20210117-f0e2bc0c-576e-4dfb-a337-7e00d62eabb9', balance=94571.41, state=CREATED}
BankAccount{id=dc834c4a-72ec-4761-8f34-74bf4f4aebbe, bankId=e4be2d13-d837-4893-94d9-83874034586b, userId=de356cf1-e54c-4995-98a9-244412e4a974, registryDate=2021-02-11, number='20210211-de356cf1-e54c-4995-98a9-244412e4a974', balance=69830.58, state=STOPPED}
BankAccount{id=95c454e0-2f33-4d4f-9a44-85e1ea96ba54, bankId=5c3825f1-babc-4028-a5c6-61d6758ffb60, userId=b5fcacf7-98a3-4702-8810-17b7777a54af, registryDate=2021-09-11, number='20210911-b5fcacf7-98a3-4702-8810-17b7777a54af', balance=57347.79, state=CLOSED}
BankAccount{id=e7806236-e941-4321-8924-f96a225de02d, bankId=2c356f80-e576-4d98-8519-b8e72e023bf0, userId=376ecfa2-ca1c-4d08-8d90-4c34253cb3f7, registryDate=2023-06-13, number='20230613-376ecfa2-ca1c-4d08-8d90-4c34253cb3f7', balance=25123.88, state=ACTIVE}
BankAccount{id=77aa0857-f286-4193-8921-addb8f72f2c0, bankId=b9b87f44-bde8-4b1d-8bc3-03f12d24cc63, userId=8a32c8f9-8d40-4611-a29a-83c92855984d, registryDate=2021-08-22, number='20210822-8a32c8f9-8d40-4611-a29a-83c92855984d', balance=36202.22, state=STOPPED}
BankAccount{id=3e2e93d7-279f-45a4-8994-3f7e675a7665, bankId=e4be2d13-d837-4893-94d9-83874034586b, userId=a0f8e328-4ec8-42d1-adcc-bb312f0a7c00, registryDate=2021-07-27, number='20210727-a0f8e328-4ec8-42d1-adcc-bb312f0a7c00', balance=16685.54, state=STOPPED}
BankAccount{id=14a6b609-2511-4417-8cee-f3be2c459ef0, bankId=f382026a-2acb-45d9-b720-567d3af72935, userId=b097a878-3e4c-4037-ba2b-da05c245cb3b, registryDate=2024-10-01, number='20241001-b097a878-3e4c-4037-ba2b-da05c245cb3b', balance=49371.72, state=STOPPED}
BankAccount{id=531a5e32-b168-4af4-9ae5-db34bc95044c, bankId=9ac627f8-6f6a-4c4b-8183-bd07d6c0b9e6, userId=957e1d70-a53e-4365-a50d-5146df832b58, registryDate=2021-05-21, number='20210521-957e1d70-a53e-4365-a50d-5146df832b58', balance=34182.79, state=STOPPED}
BankAccount{id=cb3e5438-fd2b-4982-b453-444085c91ed8, bankId=3c637348-0cd0-4f56-a569-40ef4ccbb648, userId=8a32c8f9-8d40-4611-a29a-83c92855984d, registryDate=2020-11-10, number='20201110-8a32c8f9-8d40-4611-a29a-83c92855984d', balance=31529.20, state=STOPPED}
BankAccount{id=b89b9337-b871-4426-8632-2ad7d2ae9e43, bankId=ed0d6d2f-869b-4f93-a703-6a34e4578a92, userId=d50cd767-439b-4ff7-8c8c-8a3dd0a53843, registryDate=2020-12-16, number='20201216-d50cd767-439b-4ff7-8c8c-8a3dd0a53843', balance=61244.77, state=ACTIVE}
BankAccount{id=6b6ff954-a66a-4b1c-95b2-1375540651a8, bankId=ed0d6d2f-869b-4f93-a703-6a34e4578a92, userId=de356cf1-e54c-4995-98a9-244412e4a974, registryDate=2024-05-11, number='20240511-de356cf1-e54c-4995-98a9-244412e4a974', balance=23406.89, state=CLOSED}
BankAccount{id=a06e5aaf-6a04-4481-949a-7c0ac863cb19, bankId=9b6756c7-6e71-46ff-a924-7e4e74e3fa19, userId=e944e7bb-85b4-4108-b355-d09f99855e41, registryDate=2020-04-22, number='20200422-e944e7bb-85b4-4108-b355-d09f99855e41', balance=43024.36, state=CLOSED}
[...]
Card{id=0775095b-d0cc-3d45-f37b-0c5e218c1eb7, bankAccountId=e7dc23ec-0604-42fa-89ff-5d2f3e3d23d7, number='xm9KdyLhCemKe+ApQCKe+r0Es/VAX7muY3Cpc8+yfp2p+86e8AQvcqfg8Y61rUFJ', state=ACTIVE}
Card{id=dacfa7fe-a735-6ec7-9b32-1ff2fe418e88, bankAccountId=1c4ce847-8ca0-4888-94ca-2dfa1782ad5c, number='Dg14Lbm+oF81Di8nTnvJkNFLJ7Ou9KtGncE4KM8RUx013D2hYCSqQ91Gajj5DGdx', state=ACTIVE}
Card{id=0bf40144-95c3-6683-dc7e-e17d44c5d642, bankAccountId=9ff1aa56-2da3-4299-a320-8fab7cf43a33, number='CuSzfiZYv2pCOZnMnf6L/0qn6/mC9ALo4zZKXAnCQ3gH3g6eIFh8O+Kjb3izRr54', state=ACTIVE}
Card{id=260fa23e-7878-c177-462f-42b8f6b26dd2, bankAccountId=b64e9324-be81-476d-814b-a4e30b9514a6, number='7mvsTDqFpmyK775zz/Y/kz+YFcpnN36O7uEGMeWW4vmZJAjNR87mmazUhLNjlEMv', state=EXPIRED}
Card{id=3a2a07ba-2335-84af-ecd7-35a99af1aa30, bankAccountId=a77a159d-989b-44f5-9a2b-72c8e75de35f, number='zmEExkACAgyvrv8HrAZUciM6DL/R8GRGoxOsuBR97TUKzvEh6FHtwGxydpJhLC6s', state=ACTIVE}
Card{id=d93b30f5-3f5f-83e0-4d83-b5b05ae5d925, bankAccountId=b3079840-a04b-4e3b-b328-e4b98d55302b, number='b6JKdfvGu4o8KoH6T8tOd5AjLFQp//fby+oiCCS+zkqKH1RBfeASHee7zIjv+lYg', state=BLOCKED}
Card{id=4cb96f4e-ab9d-e6cf-de07-473f79bf6949, bankAccountId=efc48115-d3b3-469a-911b-f9b1e0e2dfaa, number='qLTRevKVT+n6+LgBGVFmvyNVscBkZ2zoTybbs2HEfc4JwxsHB73iivjo8VjZLSyd', state=ORDERED}
Card{id=7d249693-56aa-d290-5bfd-804ece6f9314, bankAccountId=6131b098-14d4-4f82-abe4-6041b3381b16, number='b2TQOj0vr49+rleGjqnp/2YWtCRmZcTbMJclTTM7D2uz1fLenKHAzl+8hA795alV', state=ORDERED}
Card{id=9d406de2-3178-99ea-a2a1-03850d3b3fc6, bankAccountId=d4c00faa-9274-4642-a7c5-4d40b9f13389, number='58cWSLzKdFdVpTS2MgrN3FXi3eWMNnEUEtkmS7b60MLiVZIj/FrXISq6Di538zBs', state=ACTIVE}
Card{id=986b8d9d-6ee8-c524-1825-7ce0c5e5ebac, bankAccountId=042c8d7e-e423-454e-bb6a-ee91b54739fc, number='42CIN5qNtAzg0NufLd6PHFo2gpbf8xTDVgAziKK88snPlSlKa0I07XQ3skjZUMtx', state=ACTIVE}
Card{id=893a373b-ef02-4f8a-3c38-e5117a1ae448, bankAccountId=11c13314-0176-451b-a5a6-1f5face97b8c, number='1HKYPTPD8IPG5/nQ7HwLME6xqvWA/lmF0TdZRUdJ9NKA77s9yeoXfHwcv/5qJfd0', state=ACTIVE}
Card{id=96b75c3b-962c-bdf5-1a61-e8a5ebdec744, bankAccountId=cc1801d6-0853-4a03-80c8-bfab774c247c, number='B7xCgXVKZvD6XgwDwlfOp/SmtgLqJVbqKWFCSydR6bv0H4rmPMKR0FJNrWmylnK7', state=EXPIRED}
Card{id=fe04896f-20d0-6256-3ac3-d0171813e352, bankAccountId=837e0372-59d6-4cbb-bed6-db1aa016e58e, number='y2DdDWV5iadeG0u1gtlhyt1tyrDewKph1bARch0d717+I/TLI9A7qJDn9jX6FBcW', state=ACTIVE}
Card{id=ef07acc9-8322-f230-5b6f-8800cb897b36, bankAccountId=d5f99e28-7a23-488c-9c86-674f4f8cce0a, number='lTQwUmASQzoaiqFcIOb3W3HnXusCUGXCecC7cDn9rR50TUqgxIbdNh+YAvTUW0Ze', state=APPROVED}
Card{id=a51ef873-64cb-b928-3864-5da80bbc8c9b, bankAccountId=93657acb-17ad-4c54-9140-b0599a2c059a, number='EkD4LzcTMQfMQ6zw+9WcH4taoPB5HctpuMQE/QLNEbIS/hzyKHXH4A5Bfq5mwmIa', state=EXPIRED}
Card{id=aa6b4259-a5d9-26b3-dbbb-454ea5a53dfa, bankAccountId=e1e7375a-7f0f-4ec3-ac6b-727208147861, number='mbb90pRrQvwpQyI/bQ7AJQnzeEUrTEN0chLHxilCja3/xn6Wv3G/88r8lv0kRLHv', state=ACTIVE}
Card{id=aaf0c0bf-faed-e5bc-0570-a8325b191b9c, bankAccountId=3a407d9a-39ad-4eda-8dd4-1d6059754bca, number='k22sR7Fu9ixkxUGC1fCOovTBzZzPdHiaq9fPSa76C/Tjf/b/w339odW9l85pIcP7', state=APPROVED}
Card{id=633acb27-e780-26e1-d184-fd365ced81f7, bankAccountId=ca15e1f6-1c94-48bb-a0a9-0307042423bb, number='c+QNpBdhid4HyUfzZeD0iatjzo9pQ72VrDU1fznY2h3mhAYMwsLRK0yN5o+PAntv', state=APPROVED}
Card{id=b75f51fd-d3f7-b57a-28ba-e46ad5f5cce2, bankAccountId=6f8e9383-574e-4a1f-ae66-4d168356f12e, number='nYgIA09WOZGnf97pH1XPOxFmBI8LRbZDwHKe8D/l2cf1Ngfl4dSt3FzjR15uPJ8R', state=ORDERED}
Card{id=47ac4b64-5132-8b4d-7ca7-19b1dec90f9f, bankAccountId=5c3e6436-80e6-483b-9394-9d1e52711683, number='DL3puXFBG/Y77bxQbnrGPxhUjpFuODS79eCRmfjUrEK3W+2ir0S/4tdBrvYbQ26W', state=ACTIVE}
Card{id=716ed1fd-f887-99e7-abb7-e58b01b2b50e, bankAccountId=f5e39ccb-81b6-4a50-8db2-e1755e5cf804, number='eYHiXdGPd2kyFW4QyI4Bm4R7zNyaqHYIu86vK0wjADigIVCQPnD1IELvAmNrdPUs', state=ACTIVE}
Card{id=44a8f186-6d8e-6188-12a3-949f7d9f2192, bankAccountId=e949f7d8-b611-486d-945c-55df8da4c8f2, number='482lNZYEHdDq7OfDinUQC/BSKncFQBNnz64E3WILLqoophQL/Yf2oa3Hdx2szNAo', state=ACTIVE}
Card{id=7f2ddeb4-76d2-4cb6-e306-85fb0f57fab4, bankAccountId=fda493f6-981d-41dc-880d-8c3daeac0607, number='jWSnEr64sGpb7WS1qi68IjecobI17s4ks5XiEyMLwDmypNkkfi/DY+tCLmh5NmPF', state=APPROVED}
Card{id=32fd8d67-3b85-c8d2-2081-f2d4cc9555f3, bankAccountId=8c5e7b3a-9bf8-4d77-8228-21c7e9c07000, number='Cj2ycYbARIGZWAiudMk1wyg3t8qNPlLBclDpCdwqBG/qY2annoje4c4YE1kDtpL7', state=ACTIVE}
Card{id=05344e1d-4ca7-b082-da03-5732c82e4c60, bankAccountId=aa61079e-8746-41ce-9c6c-3bb39226c914, number='GuhyQylVXWfqyWXtWXhviNRKXK4q9i9r1dhNWg/NJt8QbR2aS6Z+YUFQOMlZXWiN', state=BLOCKED}
Card{id=809607dc-b5eb-23cb-af9b-7a394d87bc03, bankAccountId=0cdaca99-5521-4a37-848e-7c6547c457f0, number='urRX3XzIHnMiX/9l+wBUALKtaD/QvZdcKKZir5paoupRy0e9MNxIJP/c9qqw0HJT', state=BLOCKED}
Card{id=fbba5451-fc5c-af6e-2e32-5d6d81b55840, bankAccountId=8e4d9a76-b861-49fc-a081-c235f7129f86, number='KhSP+X5XhARudTmHPJEQFn5hu31fVW27RjYl3I+fh1TL7c4G0Ou9SrLZk3hb3nfa', state=APPROVED}
Card{id=fb2218c0-9a5c-34de-693c-8432955db623, bankAccountId=dc5af675-20f1-407c-9796-09146e1a6fb0, number='4u4cgsvjuxuCul6MsuEtWFvSJPqBbIy792/h7K4U7DLeSvUtULov8mR4YdhnleM/', state=ORDERED}
Card{id=f2010059-8e63-cfd8-4639-b3362ed991bc, bankAccountId=257b56b9-2dbf-4661-bb8e-250ea7de8c37, number='940VnE399ppNDvb+iJKHKi4TzRLNled7WWNaPhzz0FK5agaHH4M/Jg4QqdGidoai', state=ORDERED}
Card{id=6ca55113-0072-0f58-7409-93c0f6523032, bankAccountId=625a8bb8-e010-40dc-8bf7-e65fca0ffdb0, number='XNnj2RZUE9MQJdwAk07Blz4/QoFodkSDPhYfzmPMVMKfknilboXXDaLSNjHPDf3a', state=ACTIVE}
Card{id=51eb2c96-e5f7-6bf6-8a8b-a12af7309763, bankAccountId=baf463c9-3d0e-4584-813e-e27688c7bd47, number='JUNJjd3tHca9wOxFyiDzjYAFHk/znb8G5+2/s2xSJyQXPAH876Mhm9eKOeanG2Bp', state=ACTIVE}
Card{id=ade8ff75-5c7e-b745-b2d3-b8251f8beea1, bankAccountId=d1d151d9-0eba-48c3-86d9-c032a2d91c3d, number='iCpmYK8EUn5IeluTFtGgb9XnH8Z8mFbBL85stAEey3H+RBj9QET4pIJKeNMvwt6Q', state=ACTIVE}
Card{id=f7ede42f-1066-c64d-11e5-1db817cd985f, bankAccountId=ce48ad8a-bc8a-4f2f-beba-ee081410c4a4, number='MOeD4gkzxkxovnX3oa1RhG9lpVzXNBm88WQ/raD4K6D/QP02E1ri9Ym1dzClw59w', state=ACTIVE}
Card{id=3c11fc63-45dd-0770-4aee-464f8450e835, bankAccountId=be179ddf-7da1-41f3-9ffe-0aa9e58d744e, number='gbG84bdMh6tCRSc5O/MDkD0MEBli+9zCrn0b/FaKmPBxjH6uLBCNbVclqMsS0Xct', state=APPROVED}
Card{id=2a6eb212-dee5-dd87-7d18-7dece0a1ee09, bankAccountId=e81e1347-7b71-4cb0-bc2e-a1b9db8200ea, number='hiasRUcSlVShX+AwxclZrNXIVw4dIZCl4hwOmWD7c/xoLflIawyIWsoG/mg4TjWE', state=ACTIVE}
Card{id=12a1beed-d9d8-6586-6b22-8084dab9a766, bankAccountId=eec14642-b01f-4c76-8ef0-eff065bcf1df, number='dqPVDB1r0a/0eCDYDKyt3ZGmI5q5/rXlBJQy24ZUVTBr1mB30fB2KlbgZ60rJulw', state=BLOCKED}
Card{id=a0182183-76c8-60ed-abdb-3da9221189b0, bankAccountId=5b12c808-9166-4564-8b22-b1618ec0f766, number='olX90sGXycnjy1rEA0MgWcjP9JKUSkWcSWvm+QGEvHDWArS/iA0uLt+Byaoa7c2v', state=ACTIVE}
Card{id=75d393c0-eaa6-3e37-a9d2-d138cb89221c, bankAccountId=dc834c4a-72ec-4761-8f34-74bf4f4aebbe, number='V9eVzm8+WUb3DgR3RUIpzY+y/Xv3U/Zf5iIBUvoJqnIgWhkvMSveWMAR4+HKmVK1', state=ACTIVE}
Card{id=9f686ba8-1960-8b2a-dfb0-eb33137a7e50, bankAccountId=95c454e0-2f33-4d4f-9a44-85e1ea96ba54, number='LxRwd449r8H//g96GjDAzjxhAbp1QwxKU1M4WOSrmv1U8WAwncGIntDd2NABRAO9', state=APPROVED}
Card{id=f1b9c105-f02e-c48e-dea5-714c794b2313, bankAccountId=e7806236-e941-4321-8924-f96a225de02d, number='A027MFRzeERhLfoL5Nl/1e8wzbzWE080N8NorhFCqyAs+L6cg26KRMvUF13lTVl5', state=ACTIVE}
Card{id=8bc000d9-c81f-5719-66c8-6b017eb69809, bankAccountId=77aa0857-f286-4193-8921-addb8f72f2c0, number='a7o+GzMyO5CwWqGccxE0YZNYKy3BuxPlTBir3ZXtads/e020Edu+9akb35Sv9EXi', state=ORDERED}
Card{id=ab561b0e-58c2-6c19-5848-7566e16077cb, bankAccountId=3e2e93d7-279f-45a4-8994-3f7e675a7665, number='ftEjdYBA0r15+J22GotQ7pVNk539SMLCr71NrAPLEo5nQ8qU83EFj19n4zIdhLbe', state=ORDERED}
Card{id=ccec6aa2-dd9f-e48c-88b8-4d91927bb7ed, bankAccountId=14a6b609-2511-4417-8cee-f3be2c459ef0, number='B3YdO3PGN1z21l4TFzCo862tT91DfBsLFxq0rL0wHcuWoU/vTjQFab8aycC7azB4', state=ACTIVE}
Card{id=0c495b47-5d3e-1f10-b777-0179b9c8dd22, bankAccountId=531a5e32-b168-4af4-9ae5-db34bc95044c, number='OEyqhzSI0yy0D2BR1pu52WjAF6hNRat2I+MqKFuPGOi9ykSkVLh+Ijk/j/SgSgtj', state=ACTIVE}
Card{id=61d86ee2-9cb8-c512-954f-62460156e697, bankAccountId=cb3e5438-fd2b-4982-b453-444085c91ed8, number='wvi+qWwp4aLH1yIK1VQQdTuAPrNSB3NeO57hZGedf6axSl8rezGVxiytj6q0GPbg', state=BLOCKED}
Card{id=c130c8a6-e0c2-9187-aad2-95b1e8e45658, bankAccountId=b89b9337-b871-4426-8632-2ad7d2ae9e43, number='OgLO+OmAxc9e9LPGAFjwmlUAjTWNaVrX2cXTXU+LYfxW6VYcIUSSk2E6c7Gz1gRP', state=BLOCKED}
Card{id=8d12cc3b-899a-d80c-13dd-ffc500270bb8, bankAccountId=6b6ff954-a66a-4b1c-95b2-1375540651a8, number='4shHk/N1pHxEA40Cwry9R7QlH+WCpMzvRnTPuIYoq/701QVObrW/nW/LTBmtLsGG', state=APPROVED}
Card{id=c01bbba1-884f-31c5-004d-0148115451de, bankAccountId=a06e5aaf-6a04-4481-949a-7c0ac863cb19, number='6gk1Nb6m73UCsQ4khXEZxG6lYs0aj0JONtlxQjIf8+1egYSkBZesA/C6gbgCGI8n', state=ACTIVE}
Card{id=9d671263-f41f-ac1f-44f6-f6c83e57e769, bankAccountId=10b26d83-d415-4c10-8c56-578165909974, number='Em78RdTXtRFFFOCShss/lwnLLO153kOIHOZBAMsU3j16Z2RZATCvD08tOIrLXk4Q', state=ACTIVE}
Card{id=509a7469-9fab-7245-6165-f2eb0a870b14, bankAccountId=ea5e4b1b-f6ef-4951-9247-240ae1708a30, number='uhGvfajy1N5KwMnVS+nJiRBBIc7FVlP2WPQBT131U3x5T6sQ/v4NyBbfqOVFU9BI', state=ACTIVE}
Card{id=015c2875-599a-9ebf-11b9-3faa54368001, bankAccountId=70b3232d-cbc5-4242-9f17-f1738cd1c9b8, number='+kFbDRriXsXzYV3Gds7UAlmyDzM6a0qv6D7AXCaXYyuFJQzNQlkWoTkDfm1bh9au', state=ACTIVE}
Card{id=54f8fad8-45d1-da34-4e25-dccc89239c99, bankAccountId=69af8c40-359b-400d-b2b6-2706d177633a, number='mYv6jOtK/ZLPT7Q9C4taL58vr0tSKXHP3kmFEimnC9IHHwaBn5zMOP4CXnwQvCqo', state=EXPIRED}
Card{id=8eb26c40-dd50-6ae5-58b1-2147b44bebed, bankAccountId=a565b5e3-3248-4e39-bd25-952d5170b19f, number='IG2Ycixtr6AROPDYbgZozL7vfznvZdGevD2oegQ5PJDEw1RotZI52gAbvTnWG/Zu', state=EXPIRED}
Card{id=ea5f3220-7c21-8934-f2f7-3b321926ad5d, bankAccountId=3a0c75ce-5afe-4130-bc42-d637dfed04cc, number='EBEIuFQTisu7epsUvUis+vNGG/ATOmkLx7ixmdmIRJ02Q7DeSNj5GSCEX3724lFT', state=ACTIVE}
Card{id=20f0260b-a263-2362-35aa-3087ab629b36, bankAccountId=8e0df86f-c520-453f-91c0-f54cffc2f2ff, number='24LXLWQ88j3KxQm4sHmWLMgnLdbJUvWcqiRnCsjCAOBDkSFbyjRw7cL2RmD0biwI', state=ACTIVE}
Card{id=a516d864-f022-d351-9584-1795dc95e772, bankAccountId=469f9b4d-de25-49b9-9ffc-9ed4ce3ec926, number='k+SiSOT8ZHbTL1krCdHokcUBJmSfj+goQ54hAuLTXYVJISbZHXg7Lbb6OG2dasxF', state=APPROVED}
Card{id=d0fd980f-7749-7db4-c489-0ce6fc9ecb1d, bankAccountId=46185459-3304-45d1-877e-10d2aaa79fda, number='LVyPQd6nLZGlXaA6ggSSi+ZLZZQ3eQ16CV71P8xNUU8sU0Lwo7Tc6mfFqVo+ehDQ', state=ORDERED}
Card{id=ddbc0db1-6d9d-11d2-f059-1efd25711a21, bankAccountId=da964347-18f1-493f-a62a-0d5916759a9c, number='lvLXtB7JlACR7zi72FOWHGVatfSDg6QQ/3J3Tb+2X4FACACeJxi7yxiwM8ocUKWF', state=ACTIVE}
Card{id=bc546a6c-f8a7-a68a-5c33-66db93e9d15b, bankAccountId=119b25f4-193c-48f2-accf-ea104d3edc40, number='bBeqenUd1id6nncn4US1N1MiUiyaWpm/q1BYPe2f3CzuWLARsqQQVjXcJh0vCexC', state=ACTIVE}
Card{id=13b2b459-9a3b-8ead-975b-d1079ce18194, bankAccountId=5d221068-9add-4090-98ea-582182fc30a0, number='1Xr1ii1n501dbQhzo8jLlnj5XxU95c/wuG3tsjB6uEHsc2nTnpXF9PvgtaG+NMLQ', state=ACTIVE}
Card{id=b52e49b1-dbd6-3bc5-0bd9-2ca5884897c4, bankAccountId=d34bc0d0-1654-486b-a72e-e99cb3184669, number='lyBAhc/L0R4w+E1kvVCdutx4vySyWDuO/IAWHBpu2JxwszCJCf7f68iZCE5pWtvr', state=ACTIVE}
Card{id=a14bb130-4c51-1f4a-8db6-c00b0deaa57c, bankAccountId=ef807a62-6920-490b-b1c9-7fc006d05f86, number='CLycVUKcc2JmYTNBHGw85UXTTEvMvqEEOCXkvqYai6PRB8DAkNXWJgqgVVnEwjHD', state=ACTIVE}
Card{id=989473b4-7f14-d529-b34a-5cdbe6cdbf5c, bankAccountId=aaef5da2-375d-4865-9f17-ff316ee7122c, number='CwcTZTmA/KsNO8kjmCr4qiw13fXYDkj3uYRA+lTnxnZ2xA7K6xR3Cs2aDdcj8VHY', state=EXPIRED}
Card{id=69433d1c-28b0-216f-d31c-8be0aa097778, bankAccountId=15f75e6e-ebc9-4d45-b959-cc7058b0b3ec, number='Gz87nTuxJ564Cdy7DMAdvLrMeS1E1Z1jnZKnYuo6km33vpWfkOHPSAbGcXbVo+rh', state=ACTIVE}
Card{id=663ae3b9-f455-70a1-ef4a-09a18c00447a, bankAccountId=72c8bbbd-ee34-4916-901b-36df04b23788, number='yCmJlDAZW9B/q09OhJERhudx7Obe4MV+8TLalYcYyL5QWxsCa6Wb801jkmUXbtc0', state=ACTIVE}
Card{id=8e65f5cd-3732-8462-6323-f58d37b3d0b3, bankAccountId=2caf254d-b7af-4b99-a0c8-8e5c8faa8825, number='sYU+FOj+W7HT2ZnUt383zwzHhhx5iEY0PBcfb5xwk2pLm4wh06koPekIV3h2XeRY', state=ACTIVE}
Card{id=cc87e736-2e43-ef33-2dc2-cdeea14238c5, bankAccountId=9da73bd1-cd5f-43ac-97ec-0a91a091f35c, number='x43ATA8fuKNaPTLA/G6m9QCQFuQpVdnTmBAYCzZM3jKPKTz9iLFot4tk9CPWrwsZ', state=ACTIVE}
Card{id=497038cb-30ff-6448-1285-77d28b750291, bankAccountId=fc05df16-5968-4f6b-9c23-65e048e659ab, number='cJNB5tF6x0laNY+MX04wHRTwXAImhkeLq6L1BeggXZHxWEX9VztDKG92UrSgQNm4', state=EXPIRED}
Card{id=b8a47256-7d08-329b-7127-3efc9ecdf341, bankAccountId=842b8717-41bf-45d5-aab1-e4e7a7049eae, number='FP+lDZzn03nXFgkHaZ7AhRYwN+A4VEP4ICDqzz551wMKvJRJMGByl82OUogB240y', state=EXPIRED}
Card{id=66c7eb94-d43f-a12c-6142-0abbca6a25ba, bankAccountId=bc8cb022-6454-4f7a-915b-ad776c34b5d7, number='CYhfCHAwXSlQszyGO9XYWBzIZmf1ujmtFXOLm8ar/HX2r+wA2IfkQbTuxLzWvoCg', state=ACTIVE}
Card{id=f7c7571a-dfe0-07a2-6b5e-6481fca1407f, bankAccountId=0923a0bc-2c64-422e-baec-2b15a2456a7b, number='Z8Xrh1Lp9iDJvXF5hiMa3fgsK7uv/oaIVhZc6dLJbz01L2hIrNrpLAuax2w1qQXr', state=ACTIVE}
Card{id=fcf4324d-8a59-47fc-4feb-0d5237939274, bankAccountId=0e200547-06e0-4af3-8713-233c3cba8b89, number='QUwEJQkrqTMmdSN9pgr5X1UoZUL/VOZ0veUuPC4F8KtUF6QneA4zo19qNA4K4UJc', state=ACTIVE}
Card{id=030a5a67-a501-f137-1ac7-c0ab094b1a18, bankAccountId=be14077e-4083-433f-92d7-45973b0d0f52, number='iNOiDUhpIbZDzaeS8CcuM1YjCFWycHHFomNDe1M2WD8uZu8FbS+8FSQO8K1ftYqw', state=ACTIVE}
Card{id=8a6ac8af-1763-f1fa-2d08-c776461a9914, bankAccountId=3f50cae7-12b8-4537-b037-f41bad84e60d, number='t3KvE97N7eDI6SAagzDsjQXIcGUclgJfDv/0M0NUbCHJfosRv3tLDk/imWu0IuBn', state=ACTIVE}
Card{id=db5f7d72-3e01-f2f5-8873-195952faf86e, bankAccountId=c0c2d4d8-07f0-46f4-b58d-3407889ad219, number='QvWiUcJDdf1/L3NV3KNwrbT5rh5JB8gcdnbTElhdCpDFqPNGZ5Z1CnWVwd3ENjZZ', state=ACTIVE}
Card{id=1fa51c19-4f44-0589-a022-a33e3a878c20, bankAccountId=7b6e882a-0436-4ff9-924d-5e2b6b31ad06, number='SXT2n1vMUEqbJVyiwkR77GsUI6H1jYmX4pix3KwXsWzRueMVXb6MpNqLbxgzxoeX', state=ACTIVE}
Card{id=cb648d86-87de-a12d-322a-eca9690385bd, bankAccountId=9796a89e-6c28-4fc0-8ba7-19d505b18e76, number='fZZs0MEnBexTJklnNZplCHDNG/WfKpvXYC84rYKruEcV3PJfnMx8r3dO5WhhNm7w', state=ACTIVE}
Card{id=4208a4e3-6ee3-878f-66a9-dce764406841, bankAccountId=95be02a2-f30f-4b8a-9326-d9058f64f014, number='r1+t7+VT5zaOfiAwLxXcnF0sUbNJbPPHSEmht9xy5MRIMEzuS4CrBnEHrUYw4lgP', state=ACTIVE}
Card{id=990fa800-3522-c63e-e59e-f67f91b89432, bankAccountId=0fd9ff92-4154-4a21-8ac8-03438435d42d, number='nH27fzsN7IxUV414QFC2+BmWY52GiEmeM6kLplOIEatpYzYAKv8Qqumm2TNHycoF', state=APPROVED}
Card{id=ad83c2a7-686c-7fdf-aa31-e99d749e1d34, bankAccountId=e46a9f99-b4f0-4179-8534-32701ab0c95a, number='0/LTFGOHPoJAJqy1yMcd2gVTYfcFI2cHaS9LjqCWYT1aJRTuPTMWOStpn4qz/St6', state=EXPIRED}
Card{id=16388f7d-28a3-6736-f934-aa413a4fcd7d, bankAccountId=03d1e145-2d35-41d4-a6a3-472db18a07a8, number='EjHbRKNxeqBYECUACxPkjMrNmMGAtr/TdiSuvKXFwf1gcQZpbmoIWWjSaNXvTCus', state=ACTIVE}
Card{id=1e038b69-b38d-9f09-7ccd-d433a22d9e04, bankAccountId=c921502f-0277-4b3c-bef9-d3329644fd09, number='ZCKQuCGdZYomL//8+8HPdjwtFF0unz4xXwhaup6106o/oRFnX2tscP/xSnOEbwbO', state=ACTIVE}
Card{id=25befb16-4425-89f1-7c04-025e330e9e4f, bankAccountId=470d483f-0d03-44a8-beff-23f3d95700b9, number='T10DdSNroIMRsR+uXhUvXivFs1bDNhdFrMB18tXscOPsqYBJCyivOiqQxqGnIyAo', state=ACTIVE}
Card{id=cfb5ad6b-dbad-b9fd-f53d-4cae3767dc01, bankAccountId=11f90251-114e-4903-b5fe-33c7c3bb74d3, number='z26OJsMpbv+Sw96yliXXsyTU4JMSpfRbx8ieAqMeY7nrlHDNYmGQxaQr6LZIOgbU', state=ACTIVE}
Card{id=850b3cbe-af38-38d2-07ec-d735c5d2eb09, bankAccountId=5e6e96ad-c44c-4709-95b9-f25afbd98546, number='o2rGuIozuMfOcmJcYffuxdnYC1i+pemDsZRKROMoumlL7L5CnvpMSTm6MWQA8l0k', state=ACTIVE}
Card{id=a4e86806-82c6-24a0-f11d-c512313af4dc, bankAccountId=fa14e77b-9e45-4c61-937b-fb7a2502855c, number='lrh2Bx31d5iV1Qvb4/bE5zf5Q/+h/u1vcjCY+s1dtmtOIoL+zP0ARppzzO7kmYVZ', state=ACTIVE}
Card{id=052ec8dc-b382-6ea2-bdb3-63b564844275, bankAccountId=3c1ed125-df70-4511-adc6-ab5c999778e3, number='diOE4uAsFcyu3FLbbjUB7u9c6PsVHm98VzCe5OnTHzDeJHrHAu5+X9IjmQ+APbqp', state=ACTIVE}
Card{id=e938e96c-b8d1-8bfc-ca85-83038a20b2e9, bankAccountId=84cb3c7e-4584-431e-a24c-78eeb01bfa79, number='sJTJBw/nhyZD78GN98ikLCqfbiZnbZl/XzWT6xm8K+lbAqfFcpK7KQcvWgfD4MSX', state=ORDERED}
Card{id=f3ad6f0d-1723-fd76-544a-f2ff05eaa6ac, bankAccountId=f633b6d3-9b61-41e6-8582-eac8a2838885, number='RudT3FzPPZieNRY8IbYSHU8/L/z68GTRT1NkZioxm+ky0Qj5IPiQQY7NOeKtvt2y', state=EXPIRED}
Card{id=771f6bdf-dec3-21d6-3374-0a60161c3d43, bankAccountId=bc6c3258-d5f0-409c-8fca-3f89d529039e, number='luCJV/Hv7LfL4HS4CvWxcgUfzbVg20alXVATTipQ6Z74WC7Sqto+WwaMCy2ZvxGc', state=ACTIVE}
Card{id=30485ba0-d428-652c-e0f6-b3dcd2075c98, bankAccountId=17fb3341-f1ef-4e60-bdd9-b4f6812bfedb, number='3ItX5aJC2x34vNsFeJJrPdtGsrPCEndVPWYAuLq2apkVee4QrajakkgPlIABmxC9', state=EXPIRED}
Card{id=316d6616-cf50-ba0d-7a04-b665f42a378b, bankAccountId=a8ee5844-ba20-47ce-ad14-a9cabd0b835e, number='hHkajyahCAKHhrj3+rWg8NsMis9IDm/wiZnGSG6IlKkfyLLDCqcKmFscbm74k62a', state=APPROVED}
Card{id=3379765e-2ee8-907f-1869-1f13b5f45194, bankAccountId=dcfe144c-d725-4862-8df7-3c8721ecb5d1, number='Tz0mb0PGlMFL+eoASdiP2CxIwzDV37OpGeHxwg8Tz10h27i4HUAZyMB3bUQqGw+o', state=APPROVED}
Card{id=87a41417-e823-c7c5-e616-5e4eab9988fa, bankAccountId=ac0988e9-c6e1-454b-9d35-d80509f588b3, number='aaJL+NmUjX7oZIidtRe34qcpXAoJ3pfkTSS4aIKyS+X0CNGpgPGqhwwuaoyaJMSC', state=BLOCKED}
]]></system-out>
    <system-err><![CDATA[[2024-10-10 08:54:49.350] - 18528 INFO [main] --- liquibase.database: Set default schema name to PUBLIC
[2024-10-10 08:54:49.367] - 18528 INFO [main] --- liquibase.lockservice: Successfully acquired change log lock
[2024-10-10 08:54:49.379] - 18528 INFO [main] --- liquibase.changelog: Reading resource: db/changelog/01.000.00/20240919-001-ddl-create-tables.yaml
[2024-10-10 08:54:49.437] - 18528 INFO [main] --- liquibase.changelog: Reading resource: db/changelog/01.000.00/20240925-001-ddl-create-tables.yaml
[2024-10-10 08:54:49.460] - 18528 INFO [main] --- liquibase.changelog: Reading resource: db/changelog/01.000.00/20241008-001-dml-insert-rows.yaml
[2024-10-10 08:54:49.489] - 18528 INFO [main] --- liquibase.changelog: Reading from PUBLIC.DATABASECHANGELOG
[2024-10-10 08:54:49.539] - 18528 INFO [main] --- liquibase.util: UPDATE SUMMARY
[2024-10-10 08:54:49.539] - 18528 INFO [main] --- liquibase.util: Run:                          0
[2024-10-10 08:54:49.540] - 18528 INFO [main] --- liquibase.util: Previously run:               3
[2024-10-10 08:54:49.540] - 18528 INFO [main] --- liquibase.util: Filtered out:                 0
[2024-10-10 08:54:49.540] - 18528 INFO [main] --- liquibase.util: -------------------------------
[2024-10-10 08:54:49.541] - 18528 INFO [main] --- liquibase.util: Total change sets:            3

[2024-10-10 08:54:49.541] - 18528 INFO [main] --- liquibase.util: Update summary generated
[2024-10-10 08:54:49.543] - 18528 INFO [main] --- liquibase.lockservice: Successfully released change log lock
[2024-10-10 08:54:49.548] - 18528 INFO [main] --- liquibase.lockservice: Successfully released change log lock
[2024-10-10 08:54:49.548] - 18528 INFO [main] --- liquibase.command: Command execution complete
]]></system-err>
  </testcase>
  <testcase name="createUser_ShouldInsertUserAndReturnCreatedUser" classname="ru.sberstart.finalproject.infrastructure.repostitory.UserRepositoryImplIntegrationTest" time="0.014"/>
  <testcase name="updateUserRoles" classname="ru.sberstart.finalproject.infrastructure.repostitory.UserRepositoryImplIntegrationTest" time="0.033"/>
  <testcase name="getUserWithRoles" classname="ru.sberstart.finalproject.infrastructure.repostitory.UserRepositoryImplIntegrationTest" time="0.014"/>
</testsuite>